[2025-11-07 05:17:27Z INFO HostContext] No proxy settings were found based on environmental variables (http_proxy/https_proxy/HTTP_PROXY/HTTPS_PROXY)
[2025-11-07 05:17:27Z INFO HostContext] Well known directory 'Bin': 'C:\Users\zzepp\Downloads\Grafana\actions-runner\bin'
[2025-11-07 05:17:27Z INFO HostContext] Well known directory 'Root': 'C:\Users\zzepp\Downloads\Grafana\actions-runner'
[2025-11-07 05:17:27Z INFO HostContext] Well known config file 'Credentials': 'C:\Users\zzepp\Downloads\Grafana\actions-runner\.credentials'
[2025-11-07 05:17:27Z INFO HostContext] Well known directory 'Bin': 'C:\Users\zzepp\Downloads\Grafana\actions-runner\bin'
[2025-11-07 05:17:27Z INFO HostContext] Well known directory 'Root': 'C:\Users\zzepp\Downloads\Grafana\actions-runner'
[2025-11-07 05:17:27Z INFO HostContext] Well known config file 'Runner': 'C:\Users\zzepp\Downloads\Grafana\actions-runner\.runner'
[2025-11-07 05:17:27Z INFO Listener] Runner is built for Windows (X64) - win-x64.
[2025-11-07 05:17:27Z INFO Listener] RuntimeInformation: Microsoft Windows 10.0.26200.
[2025-11-07 05:17:27Z INFO Listener] Version: 2.329.0
[2025-11-07 05:17:27Z INFO Listener] Commit: c76c59996c8fa32e989164a5a695efb12608ae5a
[2025-11-07 05:17:27Z INFO Listener] Culture: pt-BR
[2025-11-07 05:17:27Z INFO Listener] UI Culture: pt-BR
[2025-11-07 05:17:27Z INFO HostContext] Well known directory 'Bin': 'C:\Users\zzepp\Downloads\Grafana\actions-runner\bin'
[2025-11-07 05:17:27Z INFO HostContext] Well known directory 'Root': 'C:\Users\zzepp\Downloads\Grafana\actions-runner'
[2025-11-07 05:17:27Z INFO Listener] Validating directory permissions for: 'C:\Users\zzepp\Downloads\Grafana\actions-runner'
[2025-11-07 05:17:27Z INFO CommandLineParser] Parse
[2025-11-07 05:17:27Z INFO CommandLineParser] Parsing 1 args
[2025-11-07 05:17:27Z INFO CommandLineParser] parsing argument
[2025-11-07 05:17:27Z INFO CommandLineParser] HasArgs: False
[2025-11-07 05:17:27Z INFO CommandLineParser] Adding Command: run
[2025-11-07 05:17:27Z INFO Listener] Arguments parsed
[2025-11-07 05:17:27Z INFO Runner] ExecuteCommand
[2025-11-07 05:17:27Z INFO ConfigurationStore] currentAssemblyLocation: C:\Users\zzepp\Downloads\Grafana\actions-runner\bin\Runner.Listener.dll
[2025-11-07 05:17:27Z INFO HostContext] Well known directory 'Bin': 'C:\Users\zzepp\Downloads\Grafana\actions-runner\bin'
[2025-11-07 05:17:27Z INFO ConfigurationStore] binPath: C:\Users\zzepp\Downloads\Grafana\actions-runner\bin
[2025-11-07 05:17:27Z INFO HostContext] Well known directory 'Bin': 'C:\Users\zzepp\Downloads\Grafana\actions-runner\bin'
[2025-11-07 05:17:27Z INFO HostContext] Well known directory 'Root': 'C:\Users\zzepp\Downloads\Grafana\actions-runner'
[2025-11-07 05:17:27Z INFO ConfigurationStore] RootFolder: C:\Users\zzepp\Downloads\Grafana\actions-runner
[2025-11-07 05:17:27Z INFO HostContext] Well known directory 'Bin': 'C:\Users\zzepp\Downloads\Grafana\actions-runner\bin'
[2025-11-07 05:17:27Z INFO HostContext] Well known directory 'Root': 'C:\Users\zzepp\Downloads\Grafana\actions-runner'
[2025-11-07 05:17:27Z INFO HostContext] Well known config file 'Runner': 'C:\Users\zzepp\Downloads\Grafana\actions-runner\.runner'
[2025-11-07 05:17:27Z INFO ConfigurationStore] ConfigFilePath: C:\Users\zzepp\Downloads\Grafana\actions-runner\.runner
[2025-11-07 05:17:27Z INFO HostContext] Well known directory 'Bin': 'C:\Users\zzepp\Downloads\Grafana\actions-runner\bin'
[2025-11-07 05:17:27Z INFO HostContext] Well known directory 'Root': 'C:\Users\zzepp\Downloads\Grafana\actions-runner'
[2025-11-07 05:17:27Z INFO HostContext] Well known config file 'MigratedRunner': 'C:\Users\zzepp\Downloads\Grafana\actions-runner\.runner_migrated'
[2025-11-07 05:17:27Z INFO ConfigurationStore] MigratedConfigFilePath: C:\Users\zzepp\Downloads\Grafana\actions-runner\.runner_migrated
[2025-11-07 05:17:27Z INFO HostContext] Well known directory 'Bin': 'C:\Users\zzepp\Downloads\Grafana\actions-runner\bin'
[2025-11-07 05:17:27Z INFO HostContext] Well known directory 'Root': 'C:\Users\zzepp\Downloads\Grafana\actions-runner'
[2025-11-07 05:17:27Z INFO HostContext] Well known config file 'Credentials': 'C:\Users\zzepp\Downloads\Grafana\actions-runner\.credentials'
[2025-11-07 05:17:27Z INFO ConfigurationStore] CredFilePath: C:\Users\zzepp\Downloads\Grafana\actions-runner\.credentials
[2025-11-07 05:17:27Z INFO HostContext] Well known directory 'Bin': 'C:\Users\zzepp\Downloads\Grafana\actions-runner\bin'
[2025-11-07 05:17:27Z INFO HostContext] Well known directory 'Root': 'C:\Users\zzepp\Downloads\Grafana\actions-runner'
[2025-11-07 05:17:27Z INFO HostContext] Well known config file 'MigratedCredentials': 'C:\Users\zzepp\Downloads\Grafana\actions-runner\.credentials_migrated'
[2025-11-07 05:17:27Z INFO ConfigurationStore] MigratedCredFilePath: C:\Users\zzepp\Downloads\Grafana\actions-runner\.credentials_migrated
[2025-11-07 05:17:27Z INFO HostContext] Well known directory 'Bin': 'C:\Users\zzepp\Downloads\Grafana\actions-runner\bin'
[2025-11-07 05:17:27Z INFO HostContext] Well known directory 'Root': 'C:\Users\zzepp\Downloads\Grafana\actions-runner'
[2025-11-07 05:17:27Z INFO HostContext] Well known config file 'Service': 'C:\Users\zzepp\Downloads\Grafana\actions-runner\.service'
[2025-11-07 05:17:27Z INFO ConfigurationStore] ServiceConfigFilePath: C:\Users\zzepp\Downloads\Grafana\actions-runner\.service
[2025-11-07 05:17:27Z INFO CommandSettings] Flag 'help': 'False'
[2025-11-07 05:17:27Z INFO CommandSettings] Flag 'version': 'False'
[2025-11-07 05:17:27Z INFO CommandSettings] Flag 'commit': 'False'
[2025-11-07 05:17:27Z INFO CommandSettings] Flag 'check': 'False'
[2025-11-07 05:17:27Z INFO CommandSettings] Command 'configure': 'False'
[2025-11-07 05:17:27Z INFO CommandSettings] Command 'remove': 'False'
[2025-11-07 05:17:27Z INFO CommandSettings] Command 'warmup': 'False'
[2025-11-07 05:17:27Z INFO ConfigurationManager] LoadSettings
[2025-11-07 05:17:27Z INFO ConfigurationStore] IsConfigured()
[2025-11-07 05:17:27Z INFO ConfigurationStore] IsConfigured: True
[2025-11-07 05:17:27Z INFO ConfigurationManager] Is configured: True
[2025-11-07 05:17:27Z INFO ConfigurationStore] Read setting file: 384 chars
[2025-11-07 05:17:27Z INFO ConfigurationManager] Settings Loaded
[2025-11-07 05:17:27Z INFO ConfigurationStore] IsServiceConfigured()
[2025-11-07 05:17:27Z INFO ConfigurationStore] IsServiceConfigured: False
[2025-11-07 05:17:27Z INFO CommandSettings] Command 'run': 'True'
[2025-11-07 05:17:27Z INFO ConfigurationStore] IsConfigured()
[2025-11-07 05:17:27Z INFO ConfigurationStore] IsConfigured: True
[2025-11-07 05:17:27Z INFO ConfigurationManager] Is configured: True
[2025-11-07 05:17:27Z INFO Runner] Could not parse the argument value '' for StartupType. Defaulting to Manual
[2025-11-07 05:17:27Z INFO Runner] Set runner startup type - Manual
[2025-11-07 05:17:27Z INFO CommandSettings] Flag 'once': 'False'
[2025-11-07 05:17:27Z INFO CommandSettings] Flag 'once': 'False'
[2025-11-07 05:17:27Z INFO Runner] RunAsync
[2025-11-07 05:17:27Z INFO ConfigurationManager] LoadMigratedSettings
[2025-11-07 05:17:27Z INFO ConfigurationStore] IsMigratedConfigured()
[2025-11-07 05:17:27Z INFO ConfigurationStore] IsMigratedConfigured: False
[2025-11-07 05:17:27Z INFO Runner] Failed to load migrated settings: No migrated configuration found.
[2025-11-07 05:17:27Z INFO Runner] Falling back to original .runner settings
[2025-11-07 05:17:27Z INFO Runner] Using BrokerMessageListener
[2025-11-07 05:17:27Z INFO BrokerMessageListener] Using provided settings
[2025-11-07 05:17:27Z INFO BrokerMessageListener] {
  "AgentId": 2,
  "AgentName": "KLEBER",
  "PoolId": 1,
  "PoolName": "Default",
  "ServerUrl": "https://pipelinesghubeus26.actions.githubusercontent.com/uPXbJocpFaycuvkHpdrtbj3EXMQClk2giMds6Qh3nDGt2lrQBp/",
  "GitHubUrl": "https://github.com/EnsFla/Grafeno",
  "WorkFolder": "_work",
  "UseV2Flow": true,
  "ServerUrlV2": "https://broker.actions.githubusercontent.com/"
}
[2025-11-07 05:17:27Z INFO BrokerMessageListener] Loading Credentials
[2025-11-07 05:17:27Z INFO ConfigurationStore] HasCredentials()
[2025-11-07 05:17:27Z INFO ConfigurationStore] stored True
[2025-11-07 05:17:27Z INFO CredentialManager] GetCredentialProvider
[2025-11-07 05:17:27Z INFO CredentialManager] Creating type OAuth
[2025-11-07 05:17:27Z INFO CredentialManager] Creating credential type: OAuth
[2025-11-07 05:17:27Z INFO HostContext] Well known directory 'Bin': 'C:\Users\zzepp\Downloads\Grafana\actions-runner\bin'
[2025-11-07 05:17:27Z INFO HostContext] Well known directory 'Root': 'C:\Users\zzepp\Downloads\Grafana\actions-runner'
[2025-11-07 05:17:27Z INFO HostContext] Well known config file 'RSACredentials': 'C:\Users\zzepp\Downloads\Grafana\actions-runner\.credentials_rsaparams'
[2025-11-07 05:17:27Z INFO RSAEncryptedFileKeyManager] Loading RSA key parameters from file C:\Users\zzepp\Downloads\Grafana\actions-runner\.credentials_rsaparams
[2025-11-07 05:17:27Z INFO BrokerMessageListener] Attempt to create session.
[2025-11-07 05:17:27Z INFO BrokerMessageListener] Connecting to the Broker Server...
[2025-11-07 05:17:27Z INFO ConfigurationStore] HasCredentials()
[2025-11-07 05:17:27Z INFO ConfigurationStore] stored True
[2025-11-07 05:17:27Z INFO CredentialManager] GetCredentialProvider
[2025-11-07 05:17:27Z INFO CredentialManager] Creating type OAuth
[2025-11-07 05:17:27Z INFO CredentialManager] Creating credential type: OAuth
[2025-11-07 05:17:27Z INFO RSAEncryptedFileKeyManager] Loading RSA key parameters from file C:\Users\zzepp\Downloads\Grafana\actions-runner\.credentials_rsaparams
[2025-11-07 05:17:27Z INFO BrokerMessageListener] VssConnection created
[2025-11-07 05:17:27Z INFO BrokerMessageListener] Connecting to the Runner server...
[2025-11-07 05:17:27Z INFO RunnerServer] EstablishVssConnection
[2025-11-07 05:17:27Z INFO RunnerServer] Establish connection with 100 seconds timeout.
[2025-11-07 05:17:27Z INFO GitHubActionsService] Starting operation Location.GetConnectionData
[2025-11-07 05:17:27Z INFO RunnerServer] EstablishVssConnection
[2025-11-07 05:17:27Z INFO RunnerServer] Establish connection with 60 seconds timeout.
[2025-11-07 05:17:27Z INFO GitHubActionsService] Starting operation Location.GetConnectionData
[2025-11-07 05:17:27Z INFO RunnerServer] EstablishVssConnection
[2025-11-07 05:17:27Z INFO RunnerServer] Establish connection with 60 seconds timeout.
[2025-11-07 05:17:27Z INFO GitHubActionsService] Starting operation Location.GetConnectionData
[2025-11-07 05:17:28Z INFO GitHubActionsService] Finished operation Location.GetConnectionData
[2025-11-07 05:17:28Z INFO GitHubActionsService] Finished operation Location.GetConnectionData
[2025-11-07 05:17:28Z INFO GitHubActionsService] Finished operation Location.GetConnectionData
[2025-11-07 05:17:28Z INFO BrokerMessageListener] VssConnection created
[2025-11-07 05:17:28Z INFO Terminal] WRITE LINE: 
[2025-11-07 05:17:28Z INFO Terminal] WRITE LINE: 
[2025-11-07 05:17:28Z INFO RSAEncryptedFileKeyManager] Loading RSA key parameters from file C:\Users\zzepp\Downloads\Grafana\actions-runner\.credentials_rsaparams
[2025-11-07 05:17:28Z INFO RSAEncryptedFileKeyManager] Loading RSA key parameters from file C:\Users\zzepp\Downloads\Grafana\actions-runner\.credentials_rsaparams
[2025-11-07 05:17:28Z INFO GitHubActionsService] AAD Correlation ID for this token request: Unknown
[2025-11-07 05:17:29Z INFO BrokerMessageListener] Session created.
[2025-11-07 05:17:29Z INFO Terminal] WRITE LINE: Current runner version: '2.329.0'
[2025-11-07 05:17:29Z INFO Terminal] WRITE LINE: 2025-11-07 05:17:29Z: Listening for Jobs
[2025-11-07 05:17:29Z INFO JobDispatcher] Set runner/worker IPC timeout to 30 seconds.
[2025-11-07 05:18:52Z INFO ConfigurationStore] HasCredentials()
[2025-11-07 05:18:52Z INFO ConfigurationStore] stored True
[2025-11-07 05:18:52Z INFO CredentialManager] GetCredentialProvider
[2025-11-07 05:18:52Z INFO CredentialManager] Creating type OAuth
[2025-11-07 05:18:52Z INFO CredentialManager] Creating credential type: OAuth
[2025-11-07 05:18:52Z INFO RSAEncryptedFileKeyManager] Loading RSA key parameters from file C:\Users\zzepp\Downloads\Grafana\actions-runner\.credentials_rsaparams
[2025-11-07 05:18:52Z INFO RSAEncryptedFileKeyManager] Loading RSA key parameters from file C:\Users\zzepp\Downloads\Grafana\actions-runner\.credentials_rsaparams
[2025-11-07 05:18:52Z INFO RSAEncryptedFileKeyManager] Loading RSA key parameters from file C:\Users\zzepp\Downloads\Grafana\actions-runner\.credentials_rsaparams
[2025-11-07 05:18:53Z INFO GitHubActionsService] AAD Correlation ID for this token request: Unknown
[2025-11-07 05:18:54Z INFO JobDispatcher] Job request 0 for plan e8384958-3579-4718-bad8-71620a74913b job 42e41a3e-abbc-5a21-b5e2-0d65776ee5e5 received.
[2025-11-07 05:18:54Z INFO JobDispatcher] Pull OrchestrationId e8384958-3579-4718-bad8-71620a74913b.deploy.__default from JWT claims
[2025-11-07 05:18:54Z INFO BrokerMessageListener] Received job status event. JobState: Busy
[2025-11-07 05:18:54Z INFO BrokerMessageListener] _getMessagesTokenSource is already disposed.
[2025-11-07 05:18:54Z INFO Terminal] WRITE LINE: 2025-11-07 05:18:54Z: Running job: deploy
[2025-11-07 05:18:54Z INFO JobDispatcher] Start renew job request 0 for job 42e41a3e-abbc-5a21-b5e2-0d65776ee5e5.
[2025-11-07 05:18:54Z INFO JobDispatcher] Successfully renew job 42e41a3e-abbc-5a21-b5e2-0d65776ee5e5, job is valid till 07/11/2025 05:29:22
[2025-11-07 05:18:54Z INFO HostContext] Well known directory 'Bin': 'C:\Users\zzepp\Downloads\Grafana\actions-runner\bin'
[2025-11-07 05:18:54Z INFO ProcessInvokerWrapper] Starting process:
[2025-11-07 05:18:54Z INFO ProcessInvokerWrapper]   File name: 'C:\Users\zzepp\Downloads\Grafana\actions-runner\bin\Runner.Worker.exe'
[2025-11-07 05:18:54Z INFO ProcessInvokerWrapper]   Arguments: 'spawnclient 1364 1216'
[2025-11-07 05:18:54Z INFO ProcessInvokerWrapper]   Working directory: 'C:\Users\zzepp\Downloads\Grafana\actions-runner\bin'
[2025-11-07 05:18:54Z INFO ProcessInvokerWrapper]   Require exit code zero: 'False'
[2025-11-07 05:18:54Z INFO ProcessInvokerWrapper]   Encoding web name:  ; code page: ''
[2025-11-07 05:18:54Z INFO ProcessInvokerWrapper]   Force kill process on cancellation: 'True'
[2025-11-07 05:18:54Z INFO ProcessInvokerWrapper]   Redirected STDIN: 'False'
[2025-11-07 05:18:54Z INFO ProcessInvokerWrapper]   Persist current code page: 'False'
[2025-11-07 05:18:54Z INFO ProcessInvokerWrapper]   Keep redirected STDIN open: 'False'
[2025-11-07 05:18:54Z INFO ProcessInvokerWrapper]   High priority process: 'True'
[2025-11-07 05:18:55Z INFO ProcessInvokerWrapper] Process started with process id 780, waiting for process exit.
[2025-11-07 05:18:55Z INFO JobDispatcher] Send job request message to worker for job 42e41a3e-abbc-5a21-b5e2-0d65776ee5e5.
[2025-11-07 05:18:55Z INFO ProcessChannel] Sending message of length 34734, with hash '83ddccfb312e3a589f26123b5bfbd642538629d7e292ec4c571311b24aa50d14'
[2025-11-07 05:18:57Z INFO JobNotification] Entering JobStarted Notification
[2025-11-07 05:18:57Z INFO JobNotification] Entering StartMonitor
[2025-11-07 05:19:26Z INFO ProcessInvokerWrapper] STDOUT/STDERR stream read finished.
[2025-11-07 05:19:26Z INFO ProcessInvokerWrapper] STDOUT/STDERR stream read finished.
[2025-11-07 05:19:26Z INFO ProcessInvokerWrapper] Finished process 780 with exit code 102, and elapsed time 00:00:31.1649456.
[2025-11-07 05:19:26Z INFO JobDispatcher] Worker finished for job 42e41a3e-abbc-5a21-b5e2-0d65776ee5e5. Code: 102
[2025-11-07 05:19:26Z INFO JobDispatcher] finish job request for job 42e41a3e-abbc-5a21-b5e2-0d65776ee5e5 with result: Failed
[2025-11-07 05:19:26Z INFO Terminal] WRITE LINE: 2025-11-07 05:19:26Z: Job deploy completed with result: Failed
[2025-11-07 05:19:26Z INFO JobDispatcher] Stop renew job request for job 42e41a3e-abbc-5a21-b5e2-0d65776ee5e5.
[2025-11-07 05:19:26Z INFO JobDispatcher] job renew has been cancelled, stop renew job 42e41a3e-abbc-5a21-b5e2-0d65776ee5e5.
[2025-11-07 05:19:26Z INFO JobNotification] Entering JobCompleted Notification
[2025-11-07 05:19:26Z INFO JobNotification] Entering EndMonitor
[2025-11-07 05:19:26Z INFO BrokerMessageListener] Received job status event. JobState: Online
[2025-11-07 05:19:26Z WARN GitHubActionsService] GET request to https://broker.actions.githubusercontent.com/message?sessionId=f6d3db7c-4bf5-43f0-91cf-3ae9e0032480&status=Busy&runnerVersion=2.329.0&os=Windows&architecture=X64&disableUpdate=false has been cancelled.
[2025-11-07 05:19:26Z ERR  BrokerServer] Catch exception during request
[2025-11-07 05:19:26Z ERR  BrokerServer] System.Threading.Tasks.TaskCanceledException: The operation was canceled.
 ---> System.Threading.Tasks.TaskCanceledException: The operation was canceled.
 ---> System.IO.IOException: Unable to read data from the transport connection: A operação de E/S foi anulada devido a uma saída de thread ou a uma requisição de aplicativo..
 ---> System.Net.Sockets.SocketException (995): A operação de E/S foi anulada devido a uma saída de thread ou a uma requisição de aplicativo.
   --- End of inner exception stack trace ---
   at System.Net.Sockets.Socket.AwaitableSocketAsyncEventArgs.ThrowException(SocketError error, CancellationToken cancellationToken)
   at System.Net.Sockets.Socket.AwaitableSocketAsyncEventArgs.System.Threading.Tasks.Sources.IValueTaskSource<System.Int32>.GetResult(Int16 token)
   at System.Net.Security.SslStream.EnsureFullTlsFrameAsync[TIOAdapter](CancellationToken cancellationToken, Int32 estimatedSize)
   at System.Runtime.CompilerServices.PoolingAsyncValueTaskMethodBuilder`1.StateMachineBox`1.System.Threading.Tasks.Sources.IValueTaskSource<TResult>.GetResult(Int16 token)
   at System.Net.Security.SslStream.ReadAsyncInternal[TIOAdapter](Memory`1 buffer, CancellationToken cancellationToken)
   at System.Runtime.CompilerServices.PoolingAsyncValueTaskMethodBuilder`1.StateMachineBox`1.System.Threading.Tasks.Sources.IValueTaskSource<TResult>.GetResult(Int16 token)
   at System.Net.Http.HttpConnection.SendAsync(HttpRequestMessage request, Boolean async, CancellationToken cancellationToken)
   --- End of inner exception stack trace ---
   at System.Net.Http.HttpConnection.SendAsync(HttpRequestMessage request, Boolean async, CancellationToken cancellationToken)
   at System.Net.Http.AuthenticationHelper.SendWithNtAuthAsync(HttpRequestMessage request, Uri authUri, Boolean async, ICredentials credentials, Boolean isProxyAuth, HttpConnection connection, HttpConnectionPool connectionPool, CancellationToken cancellationToken)
   at System.Net.Http.HttpConnectionPool.SendWithVersionDetectionAndRetryAsync(HttpRequestMessage request, Boolean async, Boolean doRequestAuth, CancellationToken cancellationToken)
   at System.Net.Http.AuthenticationHelper.SendWithAuthAsync(HttpRequestMessage request, Uri authUri, Boolean async, ICredentials credentials, Boolean preAuthenticate, Boolean isProxyAuth, Boolean doRequestAuth, HttpConnectionPool pool, CancellationToken cancellationToken)
   at System.Net.Http.RedirectHandler.SendAsync(HttpRequestMessage request, Boolean async, CancellationToken cancellationToken)
   at GitHub.Services.Common.RawHttpMessageHandler.SendAsync(HttpRequestMessage request, CancellationToken cancellationToken)
   at GitHub.Services.Common.VssHttpRetryMessageHandler.SendAsync(HttpRequestMessage request, CancellationToken cancellationToken)
   at System.Net.Http.HttpClient.<SendAsync>g__Core|83_0(HttpRequestMessage request, HttpCompletionOption completionOption, CancellationTokenSource cts, Boolean disposeCts, CancellationTokenSource pendingRequestsCts, CancellationToken originalCancellationToken)
   --- End of inner exception stack trace ---
   at System.Net.Http.HttpClient.HandleFailure(Exception e, Boolean telemetryStarted, HttpResponseMessage response, CancellationTokenSource cts, CancellationToken cancellationToken, CancellationTokenSource pendingRequestsCts)
   at System.Net.Http.HttpClient.<SendAsync>g__Core|83_0(HttpRequestMessage request, HttpCompletionOption completionOption, CancellationTokenSource cts, Boolean disposeCts, CancellationTokenSource pendingRequestsCts, CancellationToken originalCancellationToken)
   at Sdk.WebApi.WebApi.RawHttpClientBase.SendAsync(HttpRequestMessage message, HttpCompletionOption completionOption, Object userState, CancellationToken cancellationToken)
   at Sdk.WebApi.WebApi.RawHttpClientBase.SendAsync[T](HttpRequestMessage message, Boolean readErrorBody, Object userState, CancellationToken cancellationToken)
   at Sdk.WebApi.WebApi.RawHttpClientBase.SendAsync[T](HttpMethod method, IEnumerable`1 additionalHeaders, Uri requestUri, HttpContent content, IEnumerable`1 queryParameters, Boolean readErrorBody, Object userState, CancellationToken cancellationToken)
   at GitHub.Actions.RunService.WebApi.BrokerHttpClient.GetRunnerMessageAsync(Nullable`1 sessionId, String runnerVersion, Nullable`1 status, String os, String architecture, Nullable`1 disableUpdate, CancellationToken cancellationToken)
   at GitHub.Runner.Common.BrokerServer.<>c__DisplayClass7_0.<<GetRunnerMessageAsync>b__0>d.MoveNext()
--- End of stack trace from previous location ---
   at GitHub.Runner.Common.RunnerService.RetryRequest[T](Func`1 func, CancellationToken cancellationToken, Int32 maxAttempts, Func`2 shouldRetry)
[2025-11-07 05:19:26Z ERR  BrokerServer] #####################################################
[2025-11-07 05:19:26Z ERR  BrokerServer] System.Threading.Tasks.TaskCanceledException: The operation was canceled.
 ---> System.IO.IOException: Unable to read data from the transport connection: A operação de E/S foi anulada devido a uma saída de thread ou a uma requisição de aplicativo..
 ---> System.Net.Sockets.SocketException (995): A operação de E/S foi anulada devido a uma saída de thread ou a uma requisição de aplicativo.
   --- End of inner exception stack trace ---
   at System.Net.Sockets.Socket.AwaitableSocketAsyncEventArgs.ThrowException(SocketError error, CancellationToken cancellationToken)
   at System.Net.Sockets.Socket.AwaitableSocketAsyncEventArgs.System.Threading.Tasks.Sources.IValueTaskSource<System.Int32>.GetResult(Int16 token)
   at System.Net.Security.SslStream.EnsureFullTlsFrameAsync[TIOAdapter](CancellationToken cancellationToken, Int32 estimatedSize)
   at System.Runtime.CompilerServices.PoolingAsyncValueTaskMethodBuilder`1.StateMachineBox`1.System.Threading.Tasks.Sources.IValueTaskSource<TResult>.GetResult(Int16 token)
   at System.Net.Security.SslStream.ReadAsyncInternal[TIOAdapter](Memory`1 buffer, CancellationToken cancellationToken)
   at System.Runtime.CompilerServices.PoolingAsyncValueTaskMethodBuilder`1.StateMachineBox`1.System.Threading.Tasks.Sources.IValueTaskSource<TResult>.GetResult(Int16 token)
   at System.Net.Http.HttpConnection.SendAsync(HttpRequestMessage request, Boolean async, CancellationToken cancellationToken)
   --- End of inner exception stack trace ---
   at System.Net.Http.HttpConnection.SendAsync(HttpRequestMessage request, Boolean async, CancellationToken cancellationToken)
   at System.Net.Http.AuthenticationHelper.SendWithNtAuthAsync(HttpRequestMessage request, Uri authUri, Boolean async, ICredentials credentials, Boolean isProxyAuth, HttpConnection connection, HttpConnectionPool connectionPool, CancellationToken cancellationToken)
   at System.Net.Http.HttpConnectionPool.SendWithVersionDetectionAndRetryAsync(HttpRequestMessage request, Boolean async, Boolean doRequestAuth, CancellationToken cancellationToken)
   at System.Net.Http.AuthenticationHelper.SendWithAuthAsync(HttpRequestMessage request, Uri authUri, Boolean async, ICredentials credentials, Boolean preAuthenticate, Boolean isProxyAuth, Boolean doRequestAuth, HttpConnectionPool pool, CancellationToken cancellationToken)
   at System.Net.Http.RedirectHandler.SendAsync(HttpRequestMessage request, Boolean async, CancellationToken cancellationToken)
   at GitHub.Services.Common.RawHttpMessageHandler.SendAsync(HttpRequestMessage request, CancellationToken cancellationToken)
   at GitHub.Services.Common.VssHttpRetryMessageHandler.SendAsync(HttpRequestMessage request, CancellationToken cancellationToken)
   at System.Net.Http.HttpClient.<SendAsync>g__Core|83_0(HttpRequestMessage request, HttpCompletionOption completionOption, CancellationTokenSource cts, Boolean disposeCts, CancellationTokenSource pendingRequestsCts, CancellationToken originalCancellationToken)
[2025-11-07 05:19:26Z ERR  BrokerServer] #####################################################
[2025-11-07 05:19:26Z ERR  BrokerServer] System.IO.IOException: Unable to read data from the transport connection: A operação de E/S foi anulada devido a uma saída de thread ou a uma requisição de aplicativo..
 ---> System.Net.Sockets.SocketException (995): A operação de E/S foi anulada devido a uma saída de thread ou a uma requisição de aplicativo.
   --- End of inner exception stack trace ---
   at System.Net.Sockets.Socket.AwaitableSocketAsyncEventArgs.ThrowException(SocketError error, CancellationToken cancellationToken)
   at System.Net.Sockets.Socket.AwaitableSocketAsyncEventArgs.System.Threading.Tasks.Sources.IValueTaskSource<System.Int32>.GetResult(Int16 token)
   at System.Net.Security.SslStream.EnsureFullTlsFrameAsync[TIOAdapter](CancellationToken cancellationToken, Int32 estimatedSize)
   at System.Runtime.CompilerServices.PoolingAsyncValueTaskMethodBuilder`1.StateMachineBox`1.System.Threading.Tasks.Sources.IValueTaskSource<TResult>.GetResult(Int16 token)
   at System.Net.Security.SslStream.ReadAsyncInternal[TIOAdapter](Memory`1 buffer, CancellationToken cancellationToken)
   at System.Runtime.CompilerServices.PoolingAsyncValueTaskMethodBuilder`1.StateMachineBox`1.System.Threading.Tasks.Sources.IValueTaskSource<TResult>.GetResult(Int16 token)
   at System.Net.Http.HttpConnection.SendAsync(HttpRequestMessage request, Boolean async, CancellationToken cancellationToken)
[2025-11-07 05:19:26Z ERR  BrokerServer] #####################################################
[2025-11-07 05:19:26Z ERR  BrokerServer] System.Net.Sockets.SocketException (995): A operação de E/S foi anulada devido a uma saída de thread ou a uma requisição de aplicativo.
[2025-11-07 05:19:26Z WARN BrokerServer] Back off 9,753 seconds before next retry. 4 attempt left.
[2025-11-07 05:19:26Z INFO BrokerMessageListener] Get messages has been cancelled using local token source. Continue to get messages with new status.
[2025-11-07 05:23:36Z INFO ConfigurationStore] HasCredentials()
[2025-11-07 05:23:36Z INFO ConfigurationStore] stored True
[2025-11-07 05:23:36Z INFO CredentialManager] GetCredentialProvider
[2025-11-07 05:23:36Z INFO CredentialManager] Creating type OAuth
[2025-11-07 05:23:36Z INFO CredentialManager] Creating credential type: OAuth
[2025-11-07 05:23:36Z INFO RSAEncryptedFileKeyManager] Loading RSA key parameters from file C:\Users\zzepp\Downloads\Grafana\actions-runner\.credentials_rsaparams
[2025-11-07 05:23:36Z INFO RSAEncryptedFileKeyManager] Loading RSA key parameters from file C:\Users\zzepp\Downloads\Grafana\actions-runner\.credentials_rsaparams
[2025-11-07 05:23:36Z INFO RSAEncryptedFileKeyManager] Loading RSA key parameters from file C:\Users\zzepp\Downloads\Grafana\actions-runner\.credentials_rsaparams
[2025-11-07 05:23:36Z INFO GitHubActionsService] AAD Correlation ID for this token request: Unknown
[2025-11-07 05:23:37Z INFO JobDispatcher] Job request 0 for plan 7f989e00-51be-4393-a820-ced2fdbc3676 job 4e182dfe-6293-58d6-9dc6-1dd99deea4ff received.
[2025-11-07 05:23:37Z INFO JobDispatcher] Pull OrchestrationId 7f989e00-51be-4393-a820-ced2fdbc3676.deploy.__default from JWT claims
[2025-11-07 05:23:37Z INFO BrokerMessageListener] Received job status event. JobState: Busy
[2025-11-07 05:23:37Z INFO BrokerMessageListener] _getMessagesTokenSource is already disposed.
[2025-11-07 05:23:37Z INFO JobDispatcher] Job request 42e41a3e-abbc-5a21-b5e2-0d65776ee5e5 processed succeed.
[2025-11-07 05:23:37Z INFO Terminal] WRITE LINE: 2025-11-07 05:23:37Z: Running job: deploy
[2025-11-07 05:23:37Z INFO JobDispatcher] Start renew job request 0 for job 4e182dfe-6293-58d6-9dc6-1dd99deea4ff.
[2025-11-07 05:23:38Z INFO JobDispatcher] Successfully renew job 4e182dfe-6293-58d6-9dc6-1dd99deea4ff, job is valid till 07/11/2025 05:34:06
[2025-11-07 05:23:38Z INFO HostContext] Well known directory 'Bin': 'C:\Users\zzepp\Downloads\Grafana\actions-runner\bin'
[2025-11-07 05:23:38Z INFO ProcessInvokerWrapper] Starting process:
[2025-11-07 05:23:38Z INFO ProcessInvokerWrapper]   File name: 'C:\Users\zzepp\Downloads\Grafana\actions-runner\bin\Runner.Worker.exe'
[2025-11-07 05:23:38Z INFO ProcessInvokerWrapper]   Arguments: 'spawnclient 2132 2208'
[2025-11-07 05:23:38Z INFO ProcessInvokerWrapper]   Working directory: 'C:\Users\zzepp\Downloads\Grafana\actions-runner\bin'
[2025-11-07 05:23:38Z INFO ProcessInvokerWrapper]   Require exit code zero: 'False'
[2025-11-07 05:23:38Z INFO ProcessInvokerWrapper]   Encoding web name:  ; code page: ''
[2025-11-07 05:23:38Z INFO ProcessInvokerWrapper]   Force kill process on cancellation: 'True'
[2025-11-07 05:23:38Z INFO ProcessInvokerWrapper]   Redirected STDIN: 'False'
[2025-11-07 05:23:38Z INFO ProcessInvokerWrapper]   Persist current code page: 'False'
[2025-11-07 05:23:38Z INFO ProcessInvokerWrapper]   Keep redirected STDIN open: 'False'
[2025-11-07 05:23:38Z INFO ProcessInvokerWrapper]   High priority process: 'True'
[2025-11-07 05:23:38Z INFO ProcessInvokerWrapper] Process started with process id 5396, waiting for process exit.
[2025-11-07 05:23:38Z INFO JobDispatcher] Send job request message to worker for job 4e182dfe-6293-58d6-9dc6-1dd99deea4ff.
[2025-11-07 05:23:38Z INFO ProcessChannel] Sending message of length 34293, with hash '3ff48b8e58d0c22ccf344c196b6f1b5c7d21e2dafd0d83d5628bd212d9df4d96'
[2025-11-07 05:23:38Z INFO JobNotification] Entering JobStarted Notification
[2025-11-07 05:23:38Z INFO JobNotification] Entering StartMonitor
[2025-11-07 05:23:58Z INFO ProcessInvokerWrapper] STDOUT/STDERR stream read finished.
[2025-11-07 05:23:58Z INFO ProcessInvokerWrapper] STDOUT/STDERR stream read finished.
[2025-11-07 05:23:58Z INFO ProcessInvokerWrapper] Finished process 5396 with exit code 102, and elapsed time 00:00:20.1490256.
[2025-11-07 05:23:58Z INFO JobDispatcher] Worker finished for job 4e182dfe-6293-58d6-9dc6-1dd99deea4ff. Code: 102
[2025-11-07 05:23:58Z INFO JobDispatcher] finish job request for job 4e182dfe-6293-58d6-9dc6-1dd99deea4ff with result: Failed
[2025-11-07 05:23:58Z INFO Terminal] WRITE LINE: 2025-11-07 05:23:58Z: Job deploy completed with result: Failed
[2025-11-07 05:23:58Z INFO JobDispatcher] Stop renew job request for job 4e182dfe-6293-58d6-9dc6-1dd99deea4ff.
[2025-11-07 05:23:58Z INFO JobDispatcher] job renew has been cancelled, stop renew job 4e182dfe-6293-58d6-9dc6-1dd99deea4ff.
[2025-11-07 05:23:58Z INFO JobNotification] Entering JobCompleted Notification
[2025-11-07 05:23:58Z INFO JobNotification] Entering EndMonitor
[2025-11-07 05:23:58Z INFO BrokerMessageListener] Received job status event. JobState: Online
[2025-11-07 05:23:58Z WARN GitHubActionsService] GET request to https://broker.actions.githubusercontent.com/message?sessionId=f6d3db7c-4bf5-43f0-91cf-3ae9e0032480&status=Busy&runnerVersion=2.329.0&os=Windows&architecture=X64&disableUpdate=false has been cancelled.
[2025-11-07 05:23:58Z ERR  BrokerServer] Catch exception during request
[2025-11-07 05:23:58Z ERR  BrokerServer] System.Threading.Tasks.TaskCanceledException: The operation was canceled.
 ---> System.Threading.Tasks.TaskCanceledException: The operation was canceled.
 ---> System.IO.IOException: Unable to read data from the transport connection: A operação de E/S foi anulada devido a uma saída de thread ou a uma requisição de aplicativo..
 ---> System.Net.Sockets.SocketException (995): A operação de E/S foi anulada devido a uma saída de thread ou a uma requisição de aplicativo.
   --- End of inner exception stack trace ---
   at System.Net.Sockets.Socket.AwaitableSocketAsyncEventArgs.ThrowException(SocketError error, CancellationToken cancellationToken)
   at System.Net.Sockets.Socket.AwaitableSocketAsyncEventArgs.System.Threading.Tasks.Sources.IValueTaskSource<System.Int32>.GetResult(Int16 token)
   at System.Net.Security.SslStream.EnsureFullTlsFrameAsync[TIOAdapter](CancellationToken cancellationToken, Int32 estimatedSize)
   at System.Runtime.CompilerServices.PoolingAsyncValueTaskMethodBuilder`1.StateMachineBox`1.System.Threading.Tasks.Sources.IValueTaskSource<TResult>.GetResult(Int16 token)
   at System.Net.Security.SslStream.ReadAsyncInternal[TIOAdapter](Memory`1 buffer, CancellationToken cancellationToken)
   at System.Runtime.CompilerServices.PoolingAsyncValueTaskMethodBuilder`1.StateMachineBox`1.System.Threading.Tasks.Sources.IValueTaskSource<TResult>.GetResult(Int16 token)
   at System.Net.Http.HttpConnection.SendAsync(HttpRequestMessage request, Boolean async, CancellationToken cancellationToken)
   --- End of inner exception stack trace ---
   at System.Net.Http.HttpConnection.SendAsync(HttpRequestMessage request, Boolean async, CancellationToken cancellationToken)
   at System.Net.Http.AuthenticationHelper.SendWithNtAuthAsync(HttpRequestMessage request, Uri authUri, Boolean async, ICredentials credentials, Boolean isProxyAuth, HttpConnection connection, HttpConnectionPool connectionPool, CancellationToken cancellationToken)
   at System.Net.Http.HttpConnectionPool.SendWithVersionDetectionAndRetryAsync(HttpRequestMessage request, Boolean async, Boolean doRequestAuth, CancellationToken cancellationToken)
   at System.Net.Http.AuthenticationHelper.SendWithAuthAsync(HttpRequestMessage request, Uri authUri, Boolean async, ICredentials credentials, Boolean preAuthenticate, Boolean isProxyAuth, Boolean doRequestAuth, HttpConnectionPool pool, CancellationToken cancellationToken)
   at System.Net.Http.RedirectHandler.SendAsync(HttpRequestMessage request, Boolean async, CancellationToken cancellationToken)
   at GitHub.Services.Common.RawHttpMessageHandler.SendAsync(HttpRequestMessage request, CancellationToken cancellationToken)
   at GitHub.Services.Common.VssHttpRetryMessageHandler.SendAsync(HttpRequestMessage request, CancellationToken cancellationToken)
   at System.Net.Http.HttpClient.<SendAsync>g__Core|83_0(HttpRequestMessage request, HttpCompletionOption completionOption, CancellationTokenSource cts, Boolean disposeCts, CancellationTokenSource pendingRequestsCts, CancellationToken originalCancellationToken)
   --- End of inner exception stack trace ---
   at System.Net.Http.HttpClient.HandleFailure(Exception e, Boolean telemetryStarted, HttpResponseMessage response, CancellationTokenSource cts, CancellationToken cancellationToken, CancellationTokenSource pendingRequestsCts)
   at System.Net.Http.HttpClient.<SendAsync>g__Core|83_0(HttpRequestMessage request, HttpCompletionOption completionOption, CancellationTokenSource cts, Boolean disposeCts, CancellationTokenSource pendingRequestsCts, CancellationToken originalCancellationToken)
   at Sdk.WebApi.WebApi.RawHttpClientBase.SendAsync(HttpRequestMessage message, HttpCompletionOption completionOption, Object userState, CancellationToken cancellationToken)
   at Sdk.WebApi.WebApi.RawHttpClientBase.SendAsync[T](HttpRequestMessage message, Boolean readErrorBody, Object userState, CancellationToken cancellationToken)
   at Sdk.WebApi.WebApi.RawHttpClientBase.SendAsync[T](HttpMethod method, IEnumerable`1 additionalHeaders, Uri requestUri, HttpContent content, IEnumerable`1 queryParameters, Boolean readErrorBody, Object userState, CancellationToken cancellationToken)
   at GitHub.Actions.RunService.WebApi.BrokerHttpClient.GetRunnerMessageAsync(Nullable`1 sessionId, String runnerVersion, Nullable`1 status, String os, String architecture, Nullable`1 disableUpdate, CancellationToken cancellationToken)
   at GitHub.Runner.Common.BrokerServer.<>c__DisplayClass7_0.<<GetRunnerMessageAsync>b__0>d.MoveNext()
--- End of stack trace from previous location ---
   at GitHub.Runner.Common.RunnerService.RetryRequest[T](Func`1 func, CancellationToken cancellationToken, Int32 maxAttempts, Func`2 shouldRetry)
[2025-11-07 05:23:58Z ERR  BrokerServer] #####################################################
[2025-11-07 05:23:58Z ERR  BrokerServer] System.Threading.Tasks.TaskCanceledException: The operation was canceled.
 ---> System.IO.IOException: Unable to read data from the transport connection: A operação de E/S foi anulada devido a uma saída de thread ou a uma requisição de aplicativo..
 ---> System.Net.Sockets.SocketException (995): A operação de E/S foi anulada devido a uma saída de thread ou a uma requisição de aplicativo.
   --- End of inner exception stack trace ---
   at System.Net.Sockets.Socket.AwaitableSocketAsyncEventArgs.ThrowException(SocketError error, CancellationToken cancellationToken)
   at System.Net.Sockets.Socket.AwaitableSocketAsyncEventArgs.System.Threading.Tasks.Sources.IValueTaskSource<System.Int32>.GetResult(Int16 token)
   at System.Net.Security.SslStream.EnsureFullTlsFrameAsync[TIOAdapter](CancellationToken cancellationToken, Int32 estimatedSize)
   at System.Runtime.CompilerServices.PoolingAsyncValueTaskMethodBuilder`1.StateMachineBox`1.System.Threading.Tasks.Sources.IValueTaskSource<TResult>.GetResult(Int16 token)
   at System.Net.Security.SslStream.ReadAsyncInternal[TIOAdapter](Memory`1 buffer, CancellationToken cancellationToken)
   at System.Runtime.CompilerServices.PoolingAsyncValueTaskMethodBuilder`1.StateMachineBox`1.System.Threading.Tasks.Sources.IValueTaskSource<TResult>.GetResult(Int16 token)
   at System.Net.Http.HttpConnection.SendAsync(HttpRequestMessage request, Boolean async, CancellationToken cancellationToken)
   --- End of inner exception stack trace ---
   at System.Net.Http.HttpConnection.SendAsync(HttpRequestMessage request, Boolean async, CancellationToken cancellationToken)
   at System.Net.Http.AuthenticationHelper.SendWithNtAuthAsync(HttpRequestMessage request, Uri authUri, Boolean async, ICredentials credentials, Boolean isProxyAuth, HttpConnection connection, HttpConnectionPool connectionPool, CancellationToken cancellationToken)
   at System.Net.Http.HttpConnectionPool.SendWithVersionDetectionAndRetryAsync(HttpRequestMessage request, Boolean async, Boolean doRequestAuth, CancellationToken cancellationToken)
   at System.Net.Http.AuthenticationHelper.SendWithAuthAsync(HttpRequestMessage request, Uri authUri, Boolean async, ICredentials credentials, Boolean preAuthenticate, Boolean isProxyAuth, Boolean doRequestAuth, HttpConnectionPool pool, CancellationToken cancellationToken)
   at System.Net.Http.RedirectHandler.SendAsync(HttpRequestMessage request, Boolean async, CancellationToken cancellationToken)
   at GitHub.Services.Common.RawHttpMessageHandler.SendAsync(HttpRequestMessage request, CancellationToken cancellationToken)
   at GitHub.Services.Common.VssHttpRetryMessageHandler.SendAsync(HttpRequestMessage request, CancellationToken cancellationToken)
   at System.Net.Http.HttpClient.<SendAsync>g__Core|83_0(HttpRequestMessage request, HttpCompletionOption completionOption, CancellationTokenSource cts, Boolean disposeCts, CancellationTokenSource pendingRequestsCts, CancellationToken originalCancellationToken)
[2025-11-07 05:23:58Z ERR  BrokerServer] #####################################################
[2025-11-07 05:23:58Z ERR  BrokerServer] System.IO.IOException: Unable to read data from the transport connection: A operação de E/S foi anulada devido a uma saída de thread ou a uma requisição de aplicativo..
 ---> System.Net.Sockets.SocketException (995): A operação de E/S foi anulada devido a uma saída de thread ou a uma requisição de aplicativo.
   --- End of inner exception stack trace ---
   at System.Net.Sockets.Socket.AwaitableSocketAsyncEventArgs.ThrowException(SocketError error, CancellationToken cancellationToken)
   at System.Net.Sockets.Socket.AwaitableSocketAsyncEventArgs.System.Threading.Tasks.Sources.IValueTaskSource<System.Int32>.GetResult(Int16 token)
   at System.Net.Security.SslStream.EnsureFullTlsFrameAsync[TIOAdapter](CancellationToken cancellationToken, Int32 estimatedSize)
   at System.Runtime.CompilerServices.PoolingAsyncValueTaskMethodBuilder`1.StateMachineBox`1.System.Threading.Tasks.Sources.IValueTaskSource<TResult>.GetResult(Int16 token)
   at System.Net.Security.SslStream.ReadAsyncInternal[TIOAdapter](Memory`1 buffer, CancellationToken cancellationToken)
   at System.Runtime.CompilerServices.PoolingAsyncValueTaskMethodBuilder`1.StateMachineBox`1.System.Threading.Tasks.Sources.IValueTaskSource<TResult>.GetResult(Int16 token)
   at System.Net.Http.HttpConnection.SendAsync(HttpRequestMessage request, Boolean async, CancellationToken cancellationToken)
[2025-11-07 05:23:58Z ERR  BrokerServer] #####################################################
[2025-11-07 05:23:58Z ERR  BrokerServer] System.Net.Sockets.SocketException (995): A operação de E/S foi anulada devido a uma saída de thread ou a uma requisição de aplicativo.
[2025-11-07 05:23:58Z WARN BrokerServer] Back off 9,235 seconds before next retry. 4 attempt left.
[2025-11-07 05:23:58Z INFO BrokerMessageListener] Get messages has been cancelled using local token source. Continue to get messages with new status.
[2025-11-07 05:27:23Z INFO ConfigurationStore] HasCredentials()
[2025-11-07 05:27:23Z INFO ConfigurationStore] stored True
[2025-11-07 05:27:23Z INFO CredentialManager] GetCredentialProvider
[2025-11-07 05:27:23Z INFO CredentialManager] Creating type OAuth
[2025-11-07 05:27:23Z INFO CredentialManager] Creating credential type: OAuth
[2025-11-07 05:27:23Z INFO RSAEncryptedFileKeyManager] Loading RSA key parameters from file C:\Users\zzepp\Downloads\Grafana\actions-runner\.credentials_rsaparams
[2025-11-07 05:27:23Z INFO RSAEncryptedFileKeyManager] Loading RSA key parameters from file C:\Users\zzepp\Downloads\Grafana\actions-runner\.credentials_rsaparams
[2025-11-07 05:27:23Z INFO RSAEncryptedFileKeyManager] Loading RSA key parameters from file C:\Users\zzepp\Downloads\Grafana\actions-runner\.credentials_rsaparams
[2025-11-07 05:27:24Z INFO GitHubActionsService] AAD Correlation ID for this token request: Unknown
[2025-11-07 05:27:25Z INFO JobDispatcher] Job request 0 for plan 91fd7fa0-f22b-4f4f-a1b5-ccdd79f91706 job 60c5ba08-3371-51a4-bf06-ce73287f81a4 received.
[2025-11-07 05:27:25Z INFO JobDispatcher] Pull OrchestrationId 91fd7fa0-f22b-4f4f-a1b5-ccdd79f91706.deploy.__default from JWT claims
[2025-11-07 05:27:25Z INFO BrokerMessageListener] Received job status event. JobState: Busy
[2025-11-07 05:27:25Z INFO BrokerMessageListener] _getMessagesTokenSource is already disposed.
[2025-11-07 05:27:25Z INFO JobDispatcher] Job request 4e182dfe-6293-58d6-9dc6-1dd99deea4ff processed succeed.
[2025-11-07 05:27:25Z INFO Terminal] WRITE LINE: 2025-11-07 05:27:25Z: Running job: deploy
[2025-11-07 05:27:25Z INFO JobDispatcher] Start renew job request 0 for job 60c5ba08-3371-51a4-bf06-ce73287f81a4.
[2025-11-07 05:27:25Z INFO JobDispatcher] Successfully renew job 60c5ba08-3371-51a4-bf06-ce73287f81a4, job is valid till 07/11/2025 05:37:53
[2025-11-07 05:27:25Z INFO HostContext] Well known directory 'Bin': 'C:\Users\zzepp\Downloads\Grafana\actions-runner\bin'
[2025-11-07 05:27:25Z INFO ProcessInvokerWrapper] Starting process:
[2025-11-07 05:27:25Z INFO ProcessInvokerWrapper]   File name: 'C:\Users\zzepp\Downloads\Grafana\actions-runner\bin\Runner.Worker.exe'
[2025-11-07 05:27:25Z INFO ProcessInvokerWrapper]   Arguments: 'spawnclient 2296 2208'
[2025-11-07 05:27:25Z INFO ProcessInvokerWrapper]   Working directory: 'C:\Users\zzepp\Downloads\Grafana\actions-runner\bin'
[2025-11-07 05:27:25Z INFO ProcessInvokerWrapper]   Require exit code zero: 'False'
[2025-11-07 05:27:25Z INFO ProcessInvokerWrapper]   Encoding web name:  ; code page: ''
[2025-11-07 05:27:25Z INFO ProcessInvokerWrapper]   Force kill process on cancellation: 'True'
[2025-11-07 05:27:25Z INFO ProcessInvokerWrapper]   Redirected STDIN: 'False'
[2025-11-07 05:27:25Z INFO ProcessInvokerWrapper]   Persist current code page: 'False'
[2025-11-07 05:27:25Z INFO ProcessInvokerWrapper]   Keep redirected STDIN open: 'False'
[2025-11-07 05:27:25Z INFO ProcessInvokerWrapper]   High priority process: 'True'
[2025-11-07 05:27:25Z INFO ProcessInvokerWrapper] Process started with process id 1456, waiting for process exit.
[2025-11-07 05:27:25Z INFO JobDispatcher] Send job request message to worker for job 60c5ba08-3371-51a4-bf06-ce73287f81a4.
[2025-11-07 05:27:25Z INFO ProcessChannel] Sending message of length 34587, with hash '4c1d4057b2d4a591e840233878625db74869b764269c6e1c3a158dc0f8dda098'
[2025-11-07 05:27:26Z INFO JobNotification] Entering JobStarted Notification
[2025-11-07 05:27:26Z INFO JobNotification] Entering StartMonitor
[2025-11-07 05:27:55Z INFO ProcessInvokerWrapper] STDOUT/STDERR stream read finished.
[2025-11-07 05:27:55Z INFO ProcessInvokerWrapper] STDOUT/STDERR stream read finished.
[2025-11-07 05:27:56Z INFO ProcessInvokerWrapper] Finished process 1456 with exit code 102, and elapsed time 00:00:30.0474404.
[2025-11-07 05:27:56Z INFO JobDispatcher] Worker finished for job 60c5ba08-3371-51a4-bf06-ce73287f81a4. Code: 102
[2025-11-07 05:27:56Z INFO JobDispatcher] finish job request for job 60c5ba08-3371-51a4-bf06-ce73287f81a4 with result: Failed
[2025-11-07 05:27:56Z INFO Terminal] WRITE LINE: 2025-11-07 05:27:56Z: Job deploy completed with result: Failed
[2025-11-07 05:27:56Z INFO JobDispatcher] Stop renew job request for job 60c5ba08-3371-51a4-bf06-ce73287f81a4.
[2025-11-07 05:27:56Z INFO JobDispatcher] job renew has been cancelled, stop renew job 60c5ba08-3371-51a4-bf06-ce73287f81a4.
[2025-11-07 05:27:56Z INFO JobNotification] Entering JobCompleted Notification
[2025-11-07 05:27:56Z INFO JobNotification] Entering EndMonitor
[2025-11-07 05:27:56Z INFO BrokerMessageListener] Received job status event. JobState: Online
[2025-11-07 05:27:56Z WARN GitHubActionsService] GET request to https://broker.actions.githubusercontent.com/message?sessionId=f6d3db7c-4bf5-43f0-91cf-3ae9e0032480&status=Busy&runnerVersion=2.329.0&os=Windows&architecture=X64&disableUpdate=false has been cancelled.
[2025-11-07 05:27:56Z ERR  BrokerServer] Catch exception during request
[2025-11-07 05:27:56Z ERR  BrokerServer] System.Threading.Tasks.TaskCanceledException: The operation was canceled.
 ---> System.Threading.Tasks.TaskCanceledException: The operation was canceled.
 ---> System.IO.IOException: Unable to read data from the transport connection: A operação de E/S foi anulada devido a uma saída de thread ou a uma requisição de aplicativo..
 ---> System.Net.Sockets.SocketException (995): A operação de E/S foi anulada devido a uma saída de thread ou a uma requisição de aplicativo.
   --- End of inner exception stack trace ---
   at System.Net.Sockets.Socket.AwaitableSocketAsyncEventArgs.System.Threading.Tasks.Sources.IValueTaskSource<System.Int32>.GetResult(Int16 token)
   at System.Net.Security.SslStream.EnsureFullTlsFrameAsync[TIOAdapter](CancellationToken cancellationToken, Int32 estimatedSize)
   at System.Runtime.CompilerServices.PoolingAsyncValueTaskMethodBuilder`1.StateMachineBox`1.System.Threading.Tasks.Sources.IValueTaskSource<TResult>.GetResult(Int16 token)
   at System.Net.Security.SslStream.ReadAsyncInternal[TIOAdapter](Memory`1 buffer, CancellationToken cancellationToken)
   at System.Runtime.CompilerServices.PoolingAsyncValueTaskMethodBuilder`1.StateMachineBox`1.System.Threading.Tasks.Sources.IValueTaskSource<TResult>.GetResult(Int16 token)
   at System.Net.Http.HttpConnection.SendAsync(HttpRequestMessage request, Boolean async, CancellationToken cancellationToken)
   --- End of inner exception stack trace ---
   at System.Net.Http.HttpConnection.SendAsync(HttpRequestMessage request, Boolean async, CancellationToken cancellationToken)
   at System.Net.Http.AuthenticationHelper.SendWithNtAuthAsync(HttpRequestMessage request, Uri authUri, Boolean async, ICredentials credentials, Boolean isProxyAuth, HttpConnection connection, HttpConnectionPool connectionPool, CancellationToken cancellationToken)
   at System.Net.Http.HttpConnectionPool.SendWithVersionDetectionAndRetryAsync(HttpRequestMessage request, Boolean async, Boolean doRequestAuth, CancellationToken cancellationToken)
   at System.Net.Http.AuthenticationHelper.SendWithAuthAsync(HttpRequestMessage request, Uri authUri, Boolean async, ICredentials credentials, Boolean preAuthenticate, Boolean isProxyAuth, Boolean doRequestAuth, HttpConnectionPool pool, CancellationToken cancellationToken)
   at System.Net.Http.RedirectHandler.SendAsync(HttpRequestMessage request, Boolean async, CancellationToken cancellationToken)
   at GitHub.Services.Common.RawHttpMessageHandler.SendAsync(HttpRequestMessage request, CancellationToken cancellationToken)
   at GitHub.Services.Common.VssHttpRetryMessageHandler.SendAsync(HttpRequestMessage request, CancellationToken cancellationToken)
   at System.Net.Http.HttpClient.<SendAsync>g__Core|83_0(HttpRequestMessage request, HttpCompletionOption completionOption, CancellationTokenSource cts, Boolean disposeCts, CancellationTokenSource pendingRequestsCts, CancellationToken originalCancellationToken)
   --- End of inner exception stack trace ---
   at System.Net.Http.HttpClient.HandleFailure(Exception e, Boolean telemetryStarted, HttpResponseMessage response, CancellationTokenSource cts, CancellationToken cancellationToken, CancellationTokenSource pendingRequestsCts)
   at System.Net.Http.HttpClient.<SendAsync>g__Core|83_0(HttpRequestMessage request, HttpCompletionOption completionOption, CancellationTokenSource cts, Boolean disposeCts, CancellationTokenSource pendingRequestsCts, CancellationToken originalCancellationToken)
   at Sdk.WebApi.WebApi.RawHttpClientBase.SendAsync(HttpRequestMessage message, HttpCompletionOption completionOption, Object userState, CancellationToken cancellationToken)
   at Sdk.WebApi.WebApi.RawHttpClientBase.SendAsync[T](HttpRequestMessage message, Boolean readErrorBody, Object userState, CancellationToken cancellationToken)
   at Sdk.WebApi.WebApi.RawHttpClientBase.SendAsync[T](HttpMethod method, IEnumerable`1 additionalHeaders, Uri requestUri, HttpContent content, IEnumerable`1 queryParameters, Boolean readErrorBody, Object userState, CancellationToken cancellationToken)
   at GitHub.Actions.RunService.WebApi.BrokerHttpClient.GetRunnerMessageAsync(Nullable`1 sessionId, String runnerVersion, Nullable`1 status, String os, String architecture, Nullable`1 disableUpdate, CancellationToken cancellationToken)
   at GitHub.Runner.Common.BrokerServer.<>c__DisplayClass7_0.<<GetRunnerMessageAsync>b__0>d.MoveNext()
--- End of stack trace from previous location ---
   at GitHub.Runner.Common.RunnerService.RetryRequest[T](Func`1 func, CancellationToken cancellationToken, Int32 maxAttempts, Func`2 shouldRetry)
[2025-11-07 05:27:56Z ERR  BrokerServer] #####################################################
[2025-11-07 05:27:56Z ERR  BrokerServer] System.Threading.Tasks.TaskCanceledException: The operation was canceled.
 ---> System.IO.IOException: Unable to read data from the transport connection: A operação de E/S foi anulada devido a uma saída de thread ou a uma requisição de aplicativo..
 ---> System.Net.Sockets.SocketException (995): A operação de E/S foi anulada devido a uma saída de thread ou a uma requisição de aplicativo.
   --- End of inner exception stack trace ---
   at System.Net.Sockets.Socket.AwaitableSocketAsyncEventArgs.System.Threading.Tasks.Sources.IValueTaskSource<System.Int32>.GetResult(Int16 token)
   at System.Net.Security.SslStream.EnsureFullTlsFrameAsync[TIOAdapter](CancellationToken cancellationToken, Int32 estimatedSize)
   at System.Runtime.CompilerServices.PoolingAsyncValueTaskMethodBuilder`1.StateMachineBox`1.System.Threading.Tasks.Sources.IValueTaskSource<TResult>.GetResult(Int16 token)
   at System.Net.Security.SslStream.ReadAsyncInternal[TIOAdapter](Memory`1 buffer, CancellationToken cancellationToken)
   at System.Runtime.CompilerServices.PoolingAsyncValueTaskMethodBuilder`1.StateMachineBox`1.System.Threading.Tasks.Sources.IValueTaskSource<TResult>.GetResult(Int16 token)
   at System.Net.Http.HttpConnection.SendAsync(HttpRequestMessage request, Boolean async, CancellationToken cancellationToken)
   --- End of inner exception stack trace ---
   at System.Net.Http.HttpConnection.SendAsync(HttpRequestMessage request, Boolean async, CancellationToken cancellationToken)
   at System.Net.Http.AuthenticationHelper.SendWithNtAuthAsync(HttpRequestMessage request, Uri authUri, Boolean async, ICredentials credentials, Boolean isProxyAuth, HttpConnection connection, HttpConnectionPool connectionPool, CancellationToken cancellationToken)
   at System.Net.Http.HttpConnectionPool.SendWithVersionDetectionAndRetryAsync(HttpRequestMessage request, Boolean async, Boolean doRequestAuth, CancellationToken cancellationToken)
   at System.Net.Http.AuthenticationHelper.SendWithAuthAsync(HttpRequestMessage request, Uri authUri, Boolean async, ICredentials credentials, Boolean preAuthenticate, Boolean isProxyAuth, Boolean doRequestAuth, HttpConnectionPool pool, CancellationToken cancellationToken)
   at System.Net.Http.RedirectHandler.SendAsync(HttpRequestMessage request, Boolean async, CancellationToken cancellationToken)
   at GitHub.Services.Common.RawHttpMessageHandler.SendAsync(HttpRequestMessage request, CancellationToken cancellationToken)
   at GitHub.Services.Common.VssHttpRetryMessageHandler.SendAsync(HttpRequestMessage request, CancellationToken cancellationToken)
   at System.Net.Http.HttpClient.<SendAsync>g__Core|83_0(HttpRequestMessage request, HttpCompletionOption completionOption, CancellationTokenSource cts, Boolean disposeCts, CancellationTokenSource pendingRequestsCts, CancellationToken originalCancellationToken)
[2025-11-07 05:27:56Z ERR  BrokerServer] #####################################################
[2025-11-07 05:27:56Z ERR  BrokerServer] System.IO.IOException: Unable to read data from the transport connection: A operação de E/S foi anulada devido a uma saída de thread ou a uma requisição de aplicativo..
 ---> System.Net.Sockets.SocketException (995): A operação de E/S foi anulada devido a uma saída de thread ou a uma requisição de aplicativo.
   --- End of inner exception stack trace ---
   at System.Net.Sockets.Socket.AwaitableSocketAsyncEventArgs.System.Threading.Tasks.Sources.IValueTaskSource<System.Int32>.GetResult(Int16 token)
   at System.Net.Security.SslStream.EnsureFullTlsFrameAsync[TIOAdapter](CancellationToken cancellationToken, Int32 estimatedSize)
   at System.Runtime.CompilerServices.PoolingAsyncValueTaskMethodBuilder`1.StateMachineBox`1.System.Threading.Tasks.Sources.IValueTaskSource<TResult>.GetResult(Int16 token)
   at System.Net.Security.SslStream.ReadAsyncInternal[TIOAdapter](Memory`1 buffer, CancellationToken cancellationToken)
   at System.Runtime.CompilerServices.PoolingAsyncValueTaskMethodBuilder`1.StateMachineBox`1.System.Threading.Tasks.Sources.IValueTaskSource<TResult>.GetResult(Int16 token)
   at System.Net.Http.HttpConnection.SendAsync(HttpRequestMessage request, Boolean async, CancellationToken cancellationToken)
[2025-11-07 05:27:56Z ERR  BrokerServer] #####################################################
[2025-11-07 05:27:56Z ERR  BrokerServer] System.Net.Sockets.SocketException (995): A operação de E/S foi anulada devido a uma saída de thread ou a uma requisição de aplicativo.
[2025-11-07 05:27:56Z WARN BrokerServer] Back off 11,662 seconds before next retry. 4 attempt left.
[2025-11-07 05:27:56Z INFO BrokerMessageListener] Get messages has been cancelled using local token source. Continue to get messages with new status.
[2025-11-07 05:29:55Z INFO ConfigurationStore] HasCredentials()
[2025-11-07 05:29:55Z INFO ConfigurationStore] stored True
[2025-11-07 05:29:55Z INFO CredentialManager] GetCredentialProvider
[2025-11-07 05:29:55Z INFO CredentialManager] Creating type OAuth
[2025-11-07 05:29:55Z INFO CredentialManager] Creating credential type: OAuth
[2025-11-07 05:29:55Z INFO RSAEncryptedFileKeyManager] Loading RSA key parameters from file C:\Users\zzepp\Downloads\Grafana\actions-runner\.credentials_rsaparams
[2025-11-07 05:29:55Z INFO RSAEncryptedFileKeyManager] Loading RSA key parameters from file C:\Users\zzepp\Downloads\Grafana\actions-runner\.credentials_rsaparams
[2025-11-07 05:29:55Z INFO RSAEncryptedFileKeyManager] Loading RSA key parameters from file C:\Users\zzepp\Downloads\Grafana\actions-runner\.credentials_rsaparams
[2025-11-07 05:29:56Z INFO GitHubActionsService] AAD Correlation ID for this token request: Unknown
[2025-11-07 05:29:58Z INFO JobDispatcher] Job request 0 for plan 4612e026-45c6-4760-9593-7439a6b4aebf job 6db869a1-7f4b-5844-b0e2-d6b945db9679 received.
[2025-11-07 05:29:58Z INFO JobDispatcher] Pull OrchestrationId 4612e026-45c6-4760-9593-7439a6b4aebf.deploy.__default from JWT claims
[2025-11-07 05:29:58Z INFO BrokerMessageListener] Received job status event. JobState: Busy
[2025-11-07 05:29:58Z INFO BrokerMessageListener] _getMessagesTokenSource is already disposed.
[2025-11-07 05:29:58Z INFO JobDispatcher] Job request 60c5ba08-3371-51a4-bf06-ce73287f81a4 processed succeed.
[2025-11-07 05:29:58Z INFO Terminal] WRITE LINE: 2025-11-07 05:29:58Z: Running job: deploy
[2025-11-07 05:29:58Z INFO JobDispatcher] Start renew job request 0 for job 6db869a1-7f4b-5844-b0e2-d6b945db9679.
[2025-11-07 05:29:58Z INFO JobDispatcher] Successfully renew job 6db869a1-7f4b-5844-b0e2-d6b945db9679, job is valid till 07/11/2025 05:40:26
[2025-11-07 05:29:58Z INFO HostContext] Well known directory 'Bin': 'C:\Users\zzepp\Downloads\Grafana\actions-runner\bin'
[2025-11-07 05:29:58Z INFO ProcessInvokerWrapper] Starting process:
[2025-11-07 05:29:58Z INFO ProcessInvokerWrapper]   File name: 'C:\Users\zzepp\Downloads\Grafana\actions-runner\bin\Runner.Worker.exe'
[2025-11-07 05:29:58Z INFO ProcessInvokerWrapper]   Arguments: 'spawnclient 1680 2188'
[2025-11-07 05:29:58Z INFO ProcessInvokerWrapper]   Working directory: 'C:\Users\zzepp\Downloads\Grafana\actions-runner\bin'
[2025-11-07 05:29:58Z INFO ProcessInvokerWrapper]   Require exit code zero: 'False'
[2025-11-07 05:29:58Z INFO ProcessInvokerWrapper]   Encoding web name:  ; code page: ''
[2025-11-07 05:29:58Z INFO ProcessInvokerWrapper]   Force kill process on cancellation: 'True'
[2025-11-07 05:29:58Z INFO ProcessInvokerWrapper]   Redirected STDIN: 'False'
[2025-11-07 05:29:58Z INFO ProcessInvokerWrapper]   Persist current code page: 'False'
[2025-11-07 05:29:58Z INFO ProcessInvokerWrapper]   Keep redirected STDIN open: 'False'
[2025-11-07 05:29:58Z INFO ProcessInvokerWrapper]   High priority process: 'True'
[2025-11-07 05:29:58Z INFO ProcessInvokerWrapper] Process started with process id 10532, waiting for process exit.
[2025-11-07 05:29:58Z INFO JobDispatcher] Send job request message to worker for job 6db869a1-7f4b-5844-b0e2-d6b945db9679.
[2025-11-07 05:29:58Z INFO ProcessChannel] Sending message of length 34585, with hash '8f4ed608e070cf4f1e737224c5f43bc9e8aa6ab4fe04032e28d09e70e624e815'
[2025-11-07 05:29:58Z INFO JobNotification] Entering JobStarted Notification
[2025-11-07 05:29:58Z INFO JobNotification] Entering StartMonitor
[2025-11-07 05:30:27Z INFO ProcessInvokerWrapper] STDOUT/STDERR stream read finished.
[2025-11-07 05:30:27Z INFO ProcessInvokerWrapper] STDOUT/STDERR stream read finished.
[2025-11-07 05:30:27Z INFO ProcessInvokerWrapper] Finished process 10532 with exit code 102, and elapsed time 00:00:28.6807132.
[2025-11-07 05:30:27Z INFO JobDispatcher] Worker finished for job 6db869a1-7f4b-5844-b0e2-d6b945db9679. Code: 102
[2025-11-07 05:30:27Z INFO JobDispatcher] finish job request for job 6db869a1-7f4b-5844-b0e2-d6b945db9679 with result: Failed
[2025-11-07 05:30:27Z INFO Terminal] WRITE LINE: 2025-11-07 05:30:27Z: Job deploy completed with result: Failed
[2025-11-07 05:30:27Z INFO JobDispatcher] Stop renew job request for job 6db869a1-7f4b-5844-b0e2-d6b945db9679.
[2025-11-07 05:30:27Z INFO JobDispatcher] job renew has been cancelled, stop renew job 6db869a1-7f4b-5844-b0e2-d6b945db9679.
[2025-11-07 05:30:27Z INFO JobNotification] Entering JobCompleted Notification
[2025-11-07 05:30:27Z INFO JobNotification] Entering EndMonitor
[2025-11-07 05:30:27Z INFO BrokerMessageListener] Received job status event. JobState: Online
[2025-11-07 05:30:27Z WARN GitHubActionsService] GET request to https://broker.actions.githubusercontent.com/message?sessionId=f6d3db7c-4bf5-43f0-91cf-3ae9e0032480&status=Busy&runnerVersion=2.329.0&os=Windows&architecture=X64&disableUpdate=false has been cancelled.
[2025-11-07 05:30:27Z ERR  BrokerServer] Catch exception during request
[2025-11-07 05:30:27Z ERR  BrokerServer] System.Threading.Tasks.TaskCanceledException: The operation was canceled.
 ---> System.Threading.Tasks.TaskCanceledException: The operation was canceled.
 ---> System.IO.IOException: Unable to read data from the transport connection: A operação de E/S foi anulada devido a uma saída de thread ou a uma requisição de aplicativo..
 ---> System.Net.Sockets.SocketException (995): A operação de E/S foi anulada devido a uma saída de thread ou a uma requisição de aplicativo.
   --- End of inner exception stack trace ---
   at System.Net.Sockets.Socket.AwaitableSocketAsyncEventArgs.System.Threading.Tasks.Sources.IValueTaskSource<System.Int32>.GetResult(Int16 token)
   at System.Net.Security.SslStream.EnsureFullTlsFrameAsync[TIOAdapter](CancellationToken cancellationToken, Int32 estimatedSize)
   at System.Runtime.CompilerServices.PoolingAsyncValueTaskMethodBuilder`1.StateMachineBox`1.System.Threading.Tasks.Sources.IValueTaskSource<TResult>.GetResult(Int16 token)
   at System.Net.Security.SslStream.ReadAsyncInternal[TIOAdapter](Memory`1 buffer, CancellationToken cancellationToken)
   at System.Runtime.CompilerServices.PoolingAsyncValueTaskMethodBuilder`1.StateMachineBox`1.System.Threading.Tasks.Sources.IValueTaskSource<TResult>.GetResult(Int16 token)
   at System.Net.Http.HttpConnection.SendAsync(HttpRequestMessage request, Boolean async, CancellationToken cancellationToken)
   --- End of inner exception stack trace ---
   at System.Net.Http.HttpConnection.SendAsync(HttpRequestMessage request, Boolean async, CancellationToken cancellationToken)
   at System.Net.Http.AuthenticationHelper.SendWithNtAuthAsync(HttpRequestMessage request, Uri authUri, Boolean async, ICredentials credentials, Boolean isProxyAuth, HttpConnection connection, HttpConnectionPool connectionPool, CancellationToken cancellationToken)
   at System.Net.Http.HttpConnectionPool.SendWithVersionDetectionAndRetryAsync(HttpRequestMessage request, Boolean async, Boolean doRequestAuth, CancellationToken cancellationToken)
   at System.Net.Http.AuthenticationHelper.SendWithAuthAsync(HttpRequestMessage request, Uri authUri, Boolean async, ICredentials credentials, Boolean preAuthenticate, Boolean isProxyAuth, Boolean doRequestAuth, HttpConnectionPool pool, CancellationToken cancellationToken)
   at System.Net.Http.RedirectHandler.SendAsync(HttpRequestMessage request, Boolean async, CancellationToken cancellationToken)
   at GitHub.Services.Common.RawHttpMessageHandler.SendAsync(HttpRequestMessage request, CancellationToken cancellationToken)
   at GitHub.Services.Common.VssHttpRetryMessageHandler.SendAsync(HttpRequestMessage request, CancellationToken cancellationToken)
   at System.Net.Http.HttpClient.<SendAsync>g__Core|83_0(HttpRequestMessage request, HttpCompletionOption completionOption, CancellationTokenSource cts, Boolean disposeCts, CancellationTokenSource pendingRequestsCts, CancellationToken originalCancellationToken)
   --- End of inner exception stack trace ---
   at System.Net.Http.HttpClient.HandleFailure(Exception e, Boolean telemetryStarted, HttpResponseMessage response, CancellationTokenSource cts, CancellationToken cancellationToken, CancellationTokenSource pendingRequestsCts)
   at System.Net.Http.HttpClient.<SendAsync>g__Core|83_0(HttpRequestMessage request, HttpCompletionOption completionOption, CancellationTokenSource cts, Boolean disposeCts, CancellationTokenSource pendingRequestsCts, CancellationToken originalCancellationToken)
   at Sdk.WebApi.WebApi.RawHttpClientBase.SendAsync(HttpRequestMessage message, HttpCompletionOption completionOption, Object userState, CancellationToken cancellationToken)
   at Sdk.WebApi.WebApi.RawHttpClientBase.SendAsync[T](HttpRequestMessage message, Boolean readErrorBody, Object userState, CancellationToken cancellationToken)
   at Sdk.WebApi.WebApi.RawHttpClientBase.SendAsync[T](HttpMethod method, IEnumerable`1 additionalHeaders, Uri requestUri, HttpContent content, IEnumerable`1 queryParameters, Boolean readErrorBody, Object userState, CancellationToken cancellationToken)
   at GitHub.Actions.RunService.WebApi.BrokerHttpClient.GetRunnerMessageAsync(Nullable`1 sessionId, String runnerVersion, Nullable`1 status, String os, String architecture, Nullable`1 disableUpdate, CancellationToken cancellationToken)
   at GitHub.Runner.Common.BrokerServer.<>c__DisplayClass7_0.<<GetRunnerMessageAsync>b__0>d.MoveNext()
--- End of stack trace from previous location ---
   at GitHub.Runner.Common.RunnerService.RetryRequest[T](Func`1 func, CancellationToken cancellationToken, Int32 maxAttempts, Func`2 shouldRetry)
[2025-11-07 05:30:27Z ERR  BrokerServer] #####################################################
[2025-11-07 05:30:27Z ERR  BrokerServer] System.Threading.Tasks.TaskCanceledException: The operation was canceled.
 ---> System.IO.IOException: Unable to read data from the transport connection: A operação de E/S foi anulada devido a uma saída de thread ou a uma requisição de aplicativo..
 ---> System.Net.Sockets.SocketException (995): A operação de E/S foi anulada devido a uma saída de thread ou a uma requisição de aplicativo.
   --- End of inner exception stack trace ---
   at System.Net.Sockets.Socket.AwaitableSocketAsyncEventArgs.System.Threading.Tasks.Sources.IValueTaskSource<System.Int32>.GetResult(Int16 token)
   at System.Net.Security.SslStream.EnsureFullTlsFrameAsync[TIOAdapter](CancellationToken cancellationToken, Int32 estimatedSize)
   at System.Runtime.CompilerServices.PoolingAsyncValueTaskMethodBuilder`1.StateMachineBox`1.System.Threading.Tasks.Sources.IValueTaskSource<TResult>.GetResult(Int16 token)
   at System.Net.Security.SslStream.ReadAsyncInternal[TIOAdapter](Memory`1 buffer, CancellationToken cancellationToken)
   at System.Runtime.CompilerServices.PoolingAsyncValueTaskMethodBuilder`1.StateMachineBox`1.System.Threading.Tasks.Sources.IValueTaskSource<TResult>.GetResult(Int16 token)
   at System.Net.Http.HttpConnection.SendAsync(HttpRequestMessage request, Boolean async, CancellationToken cancellationToken)
   --- End of inner exception stack trace ---
   at System.Net.Http.HttpConnection.SendAsync(HttpRequestMessage request, Boolean async, CancellationToken cancellationToken)
   at System.Net.Http.AuthenticationHelper.SendWithNtAuthAsync(HttpRequestMessage request, Uri authUri, Boolean async, ICredentials credentials, Boolean isProxyAuth, HttpConnection connection, HttpConnectionPool connectionPool, CancellationToken cancellationToken)
   at System.Net.Http.HttpConnectionPool.SendWithVersionDetectionAndRetryAsync(HttpRequestMessage request, Boolean async, Boolean doRequestAuth, CancellationToken cancellationToken)
   at System.Net.Http.AuthenticationHelper.SendWithAuthAsync(HttpRequestMessage request, Uri authUri, Boolean async, ICredentials credentials, Boolean preAuthenticate, Boolean isProxyAuth, Boolean doRequestAuth, HttpConnectionPool pool, CancellationToken cancellationToken)
   at System.Net.Http.RedirectHandler.SendAsync(HttpRequestMessage request, Boolean async, CancellationToken cancellationToken)
   at GitHub.Services.Common.RawHttpMessageHandler.SendAsync(HttpRequestMessage request, CancellationToken cancellationToken)
   at GitHub.Services.Common.VssHttpRetryMessageHandler.SendAsync(HttpRequestMessage request, CancellationToken cancellationToken)
   at System.Net.Http.HttpClient.<SendAsync>g__Core|83_0(HttpRequestMessage request, HttpCompletionOption completionOption, CancellationTokenSource cts, Boolean disposeCts, CancellationTokenSource pendingRequestsCts, CancellationToken originalCancellationToken)
[2025-11-07 05:30:27Z ERR  BrokerServer] #####################################################
[2025-11-07 05:30:27Z ERR  BrokerServer] System.IO.IOException: Unable to read data from the transport connection: A operação de E/S foi anulada devido a uma saída de thread ou a uma requisição de aplicativo..
 ---> System.Net.Sockets.SocketException (995): A operação de E/S foi anulada devido a uma saída de thread ou a uma requisição de aplicativo.
   --- End of inner exception stack trace ---
   at System.Net.Sockets.Socket.AwaitableSocketAsyncEventArgs.System.Threading.Tasks.Sources.IValueTaskSource<System.Int32>.GetResult(Int16 token)
   at System.Net.Security.SslStream.EnsureFullTlsFrameAsync[TIOAdapter](CancellationToken cancellationToken, Int32 estimatedSize)
   at System.Runtime.CompilerServices.PoolingAsyncValueTaskMethodBuilder`1.StateMachineBox`1.System.Threading.Tasks.Sources.IValueTaskSource<TResult>.GetResult(Int16 token)
   at System.Net.Security.SslStream.ReadAsyncInternal[TIOAdapter](Memory`1 buffer, CancellationToken cancellationToken)
   at System.Runtime.CompilerServices.PoolingAsyncValueTaskMethodBuilder`1.StateMachineBox`1.System.Threading.Tasks.Sources.IValueTaskSource<TResult>.GetResult(Int16 token)
   at System.Net.Http.HttpConnection.SendAsync(HttpRequestMessage request, Boolean async, CancellationToken cancellationToken)
[2025-11-07 05:30:27Z ERR  BrokerServer] #####################################################
[2025-11-07 05:30:27Z ERR  BrokerServer] System.Net.Sockets.SocketException (995): A operação de E/S foi anulada devido a uma saída de thread ou a uma requisição de aplicativo.
[2025-11-07 05:30:27Z WARN BrokerServer] Back off 6,96 seconds before next retry. 4 attempt left.
[2025-11-07 05:30:27Z INFO BrokerMessageListener] Get messages has been cancelled using local token source. Continue to get messages with new status.
[2025-11-07 05:32:22Z INFO ConfigurationStore] HasCredentials()
[2025-11-07 05:32:22Z INFO ConfigurationStore] stored True
[2025-11-07 05:32:22Z INFO CredentialManager] GetCredentialProvider
[2025-11-07 05:32:22Z INFO CredentialManager] Creating type OAuth
[2025-11-07 05:32:22Z INFO CredentialManager] Creating credential type: OAuth
[2025-11-07 05:32:22Z INFO RSAEncryptedFileKeyManager] Loading RSA key parameters from file C:\Users\zzepp\Downloads\Grafana\actions-runner\.credentials_rsaparams
[2025-11-07 05:32:22Z INFO RSAEncryptedFileKeyManager] Loading RSA key parameters from file C:\Users\zzepp\Downloads\Grafana\actions-runner\.credentials_rsaparams
[2025-11-07 05:32:22Z INFO RSAEncryptedFileKeyManager] Loading RSA key parameters from file C:\Users\zzepp\Downloads\Grafana\actions-runner\.credentials_rsaparams
[2025-11-07 05:32:23Z INFO GitHubActionsService] AAD Correlation ID for this token request: Unknown
[2025-11-07 05:32:24Z INFO JobDispatcher] Job request 0 for plan 9db62ef7-817b-4d78-bd4b-b49ef40dd11b job 33ac4112-31ac-53e0-8fc6-e52a723895fb received.
[2025-11-07 05:32:24Z INFO JobDispatcher] Pull OrchestrationId 9db62ef7-817b-4d78-bd4b-b49ef40dd11b.deploy.__default from JWT claims
[2025-11-07 05:32:24Z INFO BrokerMessageListener] Received job status event. JobState: Busy
[2025-11-07 05:32:24Z INFO BrokerMessageListener] _getMessagesTokenSource is already disposed.
[2025-11-07 05:32:24Z INFO JobDispatcher] Job request 6db869a1-7f4b-5844-b0e2-d6b945db9679 processed succeed.
[2025-11-07 05:32:24Z INFO Terminal] WRITE LINE: 2025-11-07 05:32:24Z: Running job: deploy
[2025-11-07 05:32:24Z INFO JobDispatcher] Start renew job request 0 for job 33ac4112-31ac-53e0-8fc6-e52a723895fb.
[2025-11-07 05:32:24Z INFO JobDispatcher] Successfully renew job 33ac4112-31ac-53e0-8fc6-e52a723895fb, job is valid till 07/11/2025 05:42:52
[2025-11-07 05:32:24Z INFO HostContext] Well known directory 'Bin': 'C:\Users\zzepp\Downloads\Grafana\actions-runner\bin'
[2025-11-07 05:32:24Z INFO ProcessInvokerWrapper] Starting process:
[2025-11-07 05:32:24Z INFO ProcessInvokerWrapper]   File name: 'C:\Users\zzepp\Downloads\Grafana\actions-runner\bin\Runner.Worker.exe'
[2025-11-07 05:32:24Z INFO ProcessInvokerWrapper]   Arguments: 'spawnclient 2028 2380'
[2025-11-07 05:32:24Z INFO ProcessInvokerWrapper]   Working directory: 'C:\Users\zzepp\Downloads\Grafana\actions-runner\bin'
[2025-11-07 05:32:24Z INFO ProcessInvokerWrapper]   Require exit code zero: 'False'
[2025-11-07 05:32:24Z INFO ProcessInvokerWrapper]   Encoding web name:  ; code page: ''
[2025-11-07 05:32:24Z INFO ProcessInvokerWrapper]   Force kill process on cancellation: 'True'
[2025-11-07 05:32:24Z INFO ProcessInvokerWrapper]   Redirected STDIN: 'False'
[2025-11-07 05:32:24Z INFO ProcessInvokerWrapper]   Persist current code page: 'False'
[2025-11-07 05:32:24Z INFO ProcessInvokerWrapper]   Keep redirected STDIN open: 'False'
[2025-11-07 05:32:24Z INFO ProcessInvokerWrapper]   High priority process: 'True'
[2025-11-07 05:32:24Z INFO ProcessInvokerWrapper] Process started with process id 10512, waiting for process exit.
[2025-11-07 05:32:24Z INFO JobDispatcher] Send job request message to worker for job 33ac4112-31ac-53e0-8fc6-e52a723895fb.
[2025-11-07 05:32:24Z INFO ProcessChannel] Sending message of length 34301, with hash '02e05321adf0f7fa53888457ed9dc318f1dcb04e31f0cf38cfd52522fae92fc4'
[2025-11-07 05:32:25Z INFO JobNotification] Entering JobStarted Notification
[2025-11-07 05:32:25Z INFO JobNotification] Entering StartMonitor
[2025-11-07 05:33:24Z INFO JobDispatcher] Successfully renew job 33ac4112-31ac-53e0-8fc6-e52a723895fb, job is valid till 07/11/2025 05:43:52
[2025-11-07 05:34:25Z INFO JobDispatcher] Successfully renew job 33ac4112-31ac-53e0-8fc6-e52a723895fb, job is valid till 07/11/2025 05:44:52
[2025-11-07 05:34:56Z INFO ProcessInvokerWrapper] STDOUT/STDERR stream read finished.
[2025-11-07 05:34:56Z INFO ProcessInvokerWrapper] STDOUT/STDERR stream read finished.
[2025-11-07 05:34:56Z INFO ProcessInvokerWrapper] Finished process 10512 with exit code 102, and elapsed time 00:02:32.2423078.
[2025-11-07 05:34:56Z INFO JobDispatcher] Worker finished for job 33ac4112-31ac-53e0-8fc6-e52a723895fb. Code: 102
[2025-11-07 05:34:56Z INFO JobDispatcher] finish job request for job 33ac4112-31ac-53e0-8fc6-e52a723895fb with result: Failed
[2025-11-07 05:34:56Z INFO Terminal] WRITE LINE: 2025-11-07 05:34:56Z: Job deploy completed with result: Failed
[2025-11-07 05:34:56Z INFO JobDispatcher] Stop renew job request for job 33ac4112-31ac-53e0-8fc6-e52a723895fb.
[2025-11-07 05:34:56Z INFO JobDispatcher] job renew has been cancelled, stop renew job 33ac4112-31ac-53e0-8fc6-e52a723895fb.
[2025-11-07 05:34:56Z INFO JobNotification] Entering JobCompleted Notification
[2025-11-07 05:34:56Z INFO JobNotification] Entering EndMonitor
[2025-11-07 05:34:56Z INFO BrokerMessageListener] Received job status event. JobState: Online
[2025-11-07 05:34:56Z WARN GitHubActionsService] GET request to https://broker.actions.githubusercontent.com/message?sessionId=f6d3db7c-4bf5-43f0-91cf-3ae9e0032480&status=Busy&runnerVersion=2.329.0&os=Windows&architecture=X64&disableUpdate=false has been cancelled.
[2025-11-07 05:34:56Z ERR  BrokerServer] Catch exception during request
[2025-11-07 05:34:56Z ERR  BrokerServer] System.Threading.Tasks.TaskCanceledException: The operation was canceled.
 ---> System.Threading.Tasks.TaskCanceledException: The operation was canceled.
 ---> System.IO.IOException: Unable to read data from the transport connection: A operação de E/S foi anulada devido a uma saída de thread ou a uma requisição de aplicativo..
 ---> System.Net.Sockets.SocketException (995): A operação de E/S foi anulada devido a uma saída de thread ou a uma requisição de aplicativo.
   --- End of inner exception stack trace ---
   at System.Net.Sockets.Socket.AwaitableSocketAsyncEventArgs.System.Threading.Tasks.Sources.IValueTaskSource<System.Int32>.GetResult(Int16 token)
   at System.Net.Security.SslStream.EnsureFullTlsFrameAsync[TIOAdapter](CancellationToken cancellationToken, Int32 estimatedSize)
   at System.Runtime.CompilerServices.PoolingAsyncValueTaskMethodBuilder`1.StateMachineBox`1.System.Threading.Tasks.Sources.IValueTaskSource<TResult>.GetResult(Int16 token)
   at System.Net.Security.SslStream.ReadAsyncInternal[TIOAdapter](Memory`1 buffer, CancellationToken cancellationToken)
   at System.Runtime.CompilerServices.PoolingAsyncValueTaskMethodBuilder`1.StateMachineBox`1.System.Threading.Tasks.Sources.IValueTaskSource<TResult>.GetResult(Int16 token)
   at System.Net.Http.HttpConnection.SendAsync(HttpRequestMessage request, Boolean async, CancellationToken cancellationToken)
   --- End of inner exception stack trace ---
   at System.Net.Http.HttpConnection.SendAsync(HttpRequestMessage request, Boolean async, CancellationToken cancellationToken)
   at System.Net.Http.AuthenticationHelper.SendWithNtAuthAsync(HttpRequestMessage request, Uri authUri, Boolean async, ICredentials credentials, Boolean isProxyAuth, HttpConnection connection, HttpConnectionPool connectionPool, CancellationToken cancellationToken)
   at System.Net.Http.HttpConnectionPool.SendWithVersionDetectionAndRetryAsync(HttpRequestMessage request, Boolean async, Boolean doRequestAuth, CancellationToken cancellationToken)
   at System.Net.Http.AuthenticationHelper.SendWithAuthAsync(HttpRequestMessage request, Uri authUri, Boolean async, ICredentials credentials, Boolean preAuthenticate, Boolean isProxyAuth, Boolean doRequestAuth, HttpConnectionPool pool, CancellationToken cancellationToken)
   at System.Net.Http.RedirectHandler.SendAsync(HttpRequestMessage request, Boolean async, CancellationToken cancellationToken)
   at GitHub.Services.Common.RawHttpMessageHandler.SendAsync(HttpRequestMessage request, CancellationToken cancellationToken)
   at GitHub.Services.Common.VssHttpRetryMessageHandler.SendAsync(HttpRequestMessage request, CancellationToken cancellationToken)
   at System.Net.Http.HttpClient.<SendAsync>g__Core|83_0(HttpRequestMessage request, HttpCompletionOption completionOption, CancellationTokenSource cts, Boolean disposeCts, CancellationTokenSource pendingRequestsCts, CancellationToken originalCancellationToken)
   --- End of inner exception stack trace ---
   at System.Net.Http.HttpClient.HandleFailure(Exception e, Boolean telemetryStarted, HttpResponseMessage response, CancellationTokenSource cts, CancellationToken cancellationToken, CancellationTokenSource pendingRequestsCts)
   at System.Net.Http.HttpClient.<SendAsync>g__Core|83_0(HttpRequestMessage request, HttpCompletionOption completionOption, CancellationTokenSource cts, Boolean disposeCts, CancellationTokenSource pendingRequestsCts, CancellationToken originalCancellationToken)
   at Sdk.WebApi.WebApi.RawHttpClientBase.SendAsync(HttpRequestMessage message, HttpCompletionOption completionOption, Object userState, CancellationToken cancellationToken)
   at Sdk.WebApi.WebApi.RawHttpClientBase.SendAsync[T](HttpRequestMessage message, Boolean readErrorBody, Object userState, CancellationToken cancellationToken)
   at Sdk.WebApi.WebApi.RawHttpClientBase.SendAsync[T](HttpMethod method, IEnumerable`1 additionalHeaders, Uri requestUri, HttpContent content, IEnumerable`1 queryParameters, Boolean readErrorBody, Object userState, CancellationToken cancellationToken)
   at GitHub.Actions.RunService.WebApi.BrokerHttpClient.GetRunnerMessageAsync(Nullable`1 sessionId, String runnerVersion, Nullable`1 status, String os, String architecture, Nullable`1 disableUpdate, CancellationToken cancellationToken)
   at GitHub.Runner.Common.BrokerServer.<>c__DisplayClass7_0.<<GetRunnerMessageAsync>b__0>d.MoveNext()
--- End of stack trace from previous location ---
   at GitHub.Runner.Common.RunnerService.RetryRequest[T](Func`1 func, CancellationToken cancellationToken, Int32 maxAttempts, Func`2 shouldRetry)
[2025-11-07 05:34:56Z ERR  BrokerServer] #####################################################
[2025-11-07 05:34:56Z ERR  BrokerServer] System.Threading.Tasks.TaskCanceledException: The operation was canceled.
 ---> System.IO.IOException: Unable to read data from the transport connection: A operação de E/S foi anulada devido a uma saída de thread ou a uma requisição de aplicativo..
 ---> System.Net.Sockets.SocketException (995): A operação de E/S foi anulada devido a uma saída de thread ou a uma requisição de aplicativo.
   --- End of inner exception stack trace ---
   at System.Net.Sockets.Socket.AwaitableSocketAsyncEventArgs.System.Threading.Tasks.Sources.IValueTaskSource<System.Int32>.GetResult(Int16 token)
   at System.Net.Security.SslStream.EnsureFullTlsFrameAsync[TIOAdapter](CancellationToken cancellationToken, Int32 estimatedSize)
   at System.Runtime.CompilerServices.PoolingAsyncValueTaskMethodBuilder`1.StateMachineBox`1.System.Threading.Tasks.Sources.IValueTaskSource<TResult>.GetResult(Int16 token)
   at System.Net.Security.SslStream.ReadAsyncInternal[TIOAdapter](Memory`1 buffer, CancellationToken cancellationToken)
   at System.Runtime.CompilerServices.PoolingAsyncValueTaskMethodBuilder`1.StateMachineBox`1.System.Threading.Tasks.Sources.IValueTaskSource<TResult>.GetResult(Int16 token)
   at System.Net.Http.HttpConnection.SendAsync(HttpRequestMessage request, Boolean async, CancellationToken cancellationToken)
   --- End of inner exception stack trace ---
   at System.Net.Http.HttpConnection.SendAsync(HttpRequestMessage request, Boolean async, CancellationToken cancellationToken)
   at System.Net.Http.AuthenticationHelper.SendWithNtAuthAsync(HttpRequestMessage request, Uri authUri, Boolean async, ICredentials credentials, Boolean isProxyAuth, HttpConnection connection, HttpConnectionPool connectionPool, CancellationToken cancellationToken)
   at System.Net.Http.HttpConnectionPool.SendWithVersionDetectionAndRetryAsync(HttpRequestMessage request, Boolean async, Boolean doRequestAuth, CancellationToken cancellationToken)
   at System.Net.Http.AuthenticationHelper.SendWithAuthAsync(HttpRequestMessage request, Uri authUri, Boolean async, ICredentials credentials, Boolean preAuthenticate, Boolean isProxyAuth, Boolean doRequestAuth, HttpConnectionPool pool, CancellationToken cancellationToken)
   at System.Net.Http.RedirectHandler.SendAsync(HttpRequestMessage request, Boolean async, CancellationToken cancellationToken)
   at GitHub.Services.Common.RawHttpMessageHandler.SendAsync(HttpRequestMessage request, CancellationToken cancellationToken)
   at GitHub.Services.Common.VssHttpRetryMessageHandler.SendAsync(HttpRequestMessage request, CancellationToken cancellationToken)
   at System.Net.Http.HttpClient.<SendAsync>g__Core|83_0(HttpRequestMessage request, HttpCompletionOption completionOption, CancellationTokenSource cts, Boolean disposeCts, CancellationTokenSource pendingRequestsCts, CancellationToken originalCancellationToken)
[2025-11-07 05:34:56Z ERR  BrokerServer] #####################################################
[2025-11-07 05:34:56Z ERR  BrokerServer] System.IO.IOException: Unable to read data from the transport connection: A operação de E/S foi anulada devido a uma saída de thread ou a uma requisição de aplicativo..
 ---> System.Net.Sockets.SocketException (995): A operação de E/S foi anulada devido a uma saída de thread ou a uma requisição de aplicativo.
   --- End of inner exception stack trace ---
   at System.Net.Sockets.Socket.AwaitableSocketAsyncEventArgs.System.Threading.Tasks.Sources.IValueTaskSource<System.Int32>.GetResult(Int16 token)
   at System.Net.Security.SslStream.EnsureFullTlsFrameAsync[TIOAdapter](CancellationToken cancellationToken, Int32 estimatedSize)
   at System.Runtime.CompilerServices.PoolingAsyncValueTaskMethodBuilder`1.StateMachineBox`1.System.Threading.Tasks.Sources.IValueTaskSource<TResult>.GetResult(Int16 token)
   at System.Net.Security.SslStream.ReadAsyncInternal[TIOAdapter](Memory`1 buffer, CancellationToken cancellationToken)
   at System.Runtime.CompilerServices.PoolingAsyncValueTaskMethodBuilder`1.StateMachineBox`1.System.Threading.Tasks.Sources.IValueTaskSource<TResult>.GetResult(Int16 token)
   at System.Net.Http.HttpConnection.SendAsync(HttpRequestMessage request, Boolean async, CancellationToken cancellationToken)
[2025-11-07 05:34:56Z ERR  BrokerServer] #####################################################
[2025-11-07 05:34:56Z ERR  BrokerServer] System.Net.Sockets.SocketException (995): A operação de E/S foi anulada devido a uma saída de thread ou a uma requisição de aplicativo.
[2025-11-07 05:34:56Z WARN BrokerServer] Back off 14,566 seconds before next retry. 4 attempt left.
[2025-11-07 05:34:56Z INFO BrokerMessageListener] Get messages has been cancelled using local token source. Continue to get messages with new status.
[2025-11-07 05:37:39Z INFO ConfigurationStore] HasCredentials()
[2025-11-07 05:37:39Z INFO ConfigurationStore] stored True
[2025-11-07 05:37:39Z INFO CredentialManager] GetCredentialProvider
[2025-11-07 05:37:39Z INFO CredentialManager] Creating type OAuth
[2025-11-07 05:37:39Z INFO CredentialManager] Creating credential type: OAuth
[2025-11-07 05:37:39Z INFO RSAEncryptedFileKeyManager] Loading RSA key parameters from file C:\Users\zzepp\Downloads\Grafana\actions-runner\.credentials_rsaparams
[2025-11-07 05:37:39Z INFO RSAEncryptedFileKeyManager] Loading RSA key parameters from file C:\Users\zzepp\Downloads\Grafana\actions-runner\.credentials_rsaparams
[2025-11-07 05:37:39Z INFO RSAEncryptedFileKeyManager] Loading RSA key parameters from file C:\Users\zzepp\Downloads\Grafana\actions-runner\.credentials_rsaparams
[2025-11-07 05:37:40Z INFO GitHubActionsService] AAD Correlation ID for this token request: Unknown
[2025-11-07 05:37:41Z INFO JobDispatcher] Job request 0 for plan d3f0aeb8-8aee-4833-9c18-18580edf2ad2 job ce514d18-87d0-5c29-b145-68d80b5ceb0d received.
[2025-11-07 05:37:41Z INFO JobDispatcher] Pull OrchestrationId d3f0aeb8-8aee-4833-9c18-18580edf2ad2.deploy.__default from JWT claims
[2025-11-07 05:37:41Z INFO BrokerMessageListener] Received job status event. JobState: Busy
[2025-11-07 05:37:41Z INFO BrokerMessageListener] _getMessagesTokenSource is already disposed.
[2025-11-07 05:37:41Z INFO JobDispatcher] Job request 33ac4112-31ac-53e0-8fc6-e52a723895fb processed succeed.
[2025-11-07 05:37:41Z INFO Terminal] WRITE LINE: 2025-11-07 05:37:41Z: Running job: deploy
[2025-11-07 05:37:41Z INFO JobDispatcher] Start renew job request 0 for job ce514d18-87d0-5c29-b145-68d80b5ceb0d.
[2025-11-07 05:37:42Z INFO JobDispatcher] Successfully renew job ce514d18-87d0-5c29-b145-68d80b5ceb0d, job is valid till 07/11/2025 05:48:09
[2025-11-07 05:37:42Z INFO HostContext] Well known directory 'Bin': 'C:\Users\zzepp\Downloads\Grafana\actions-runner\bin'
[2025-11-07 05:37:42Z INFO ProcessInvokerWrapper] Starting process:
[2025-11-07 05:37:42Z INFO ProcessInvokerWrapper]   File name: 'C:\Users\zzepp\Downloads\Grafana\actions-runner\bin\Runner.Worker.exe'
[2025-11-07 05:37:42Z INFO ProcessInvokerWrapper]   Arguments: 'spawnclient 2204 1352'
[2025-11-07 05:37:42Z INFO ProcessInvokerWrapper]   Working directory: 'C:\Users\zzepp\Downloads\Grafana\actions-runner\bin'
[2025-11-07 05:37:42Z INFO ProcessInvokerWrapper]   Require exit code zero: 'False'
[2025-11-07 05:37:42Z INFO ProcessInvokerWrapper]   Encoding web name:  ; code page: ''
[2025-11-07 05:37:42Z INFO ProcessInvokerWrapper]   Force kill process on cancellation: 'True'
[2025-11-07 05:37:42Z INFO ProcessInvokerWrapper]   Redirected STDIN: 'False'
[2025-11-07 05:37:42Z INFO ProcessInvokerWrapper]   Persist current code page: 'False'
[2025-11-07 05:37:42Z INFO ProcessInvokerWrapper]   Keep redirected STDIN open: 'False'
[2025-11-07 05:37:42Z INFO ProcessInvokerWrapper]   High priority process: 'True'
[2025-11-07 05:37:42Z INFO ProcessInvokerWrapper] Process started with process id 4676, waiting for process exit.
[2025-11-07 05:37:42Z INFO JobDispatcher] Send job request message to worker for job ce514d18-87d0-5c29-b145-68d80b5ceb0d.
[2025-11-07 05:37:42Z INFO ProcessChannel] Sending message of length 34330, with hash '6633d7417c1d4dc60085b2895d5d5668141cfe82cdf42113e0a5735c617518c6'
[2025-11-07 05:37:42Z INFO JobNotification] Entering JobStarted Notification
[2025-11-07 05:37:42Z INFO JobNotification] Entering StartMonitor
[2025-11-07 05:38:42Z INFO JobDispatcher] Successfully renew job ce514d18-87d0-5c29-b145-68d80b5ceb0d, job is valid till 07/11/2025 05:49:10
[2025-11-07 05:39:42Z INFO JobDispatcher] Successfully renew job ce514d18-87d0-5c29-b145-68d80b5ceb0d, job is valid till 07/11/2025 05:50:10
[2025-11-07 05:40:14Z INFO ProcessInvokerWrapper] STDOUT/STDERR stream read finished.
[2025-11-07 05:40:14Z INFO ProcessInvokerWrapper] STDOUT/STDERR stream read finished.
[2025-11-07 05:40:14Z INFO ProcessInvokerWrapper] Finished process 4676 with exit code 102, and elapsed time 00:02:32.6728213.
[2025-11-07 05:40:14Z INFO JobDispatcher] Worker finished for job ce514d18-87d0-5c29-b145-68d80b5ceb0d. Code: 102
[2025-11-07 05:40:14Z INFO JobDispatcher] finish job request for job ce514d18-87d0-5c29-b145-68d80b5ceb0d with result: Failed
[2025-11-07 05:40:14Z INFO Terminal] WRITE LINE: 2025-11-07 05:40:14Z: Job deploy completed with result: Failed
[2025-11-07 05:40:14Z INFO JobDispatcher] Stop renew job request for job ce514d18-87d0-5c29-b145-68d80b5ceb0d.
[2025-11-07 05:40:14Z INFO JobDispatcher] job renew has been cancelled, stop renew job ce514d18-87d0-5c29-b145-68d80b5ceb0d.
[2025-11-07 05:40:14Z INFO JobNotification] Entering JobCompleted Notification
[2025-11-07 05:40:14Z INFO JobNotification] Entering EndMonitor
[2025-11-07 05:40:14Z INFO BrokerMessageListener] Received job status event. JobState: Online
[2025-11-07 05:40:14Z WARN GitHubActionsService] GET request to https://broker.actions.githubusercontent.com/message?sessionId=f6d3db7c-4bf5-43f0-91cf-3ae9e0032480&status=Busy&runnerVersion=2.329.0&os=Windows&architecture=X64&disableUpdate=false has been cancelled.
[2025-11-07 05:40:14Z ERR  BrokerServer] Catch exception during request
[2025-11-07 05:40:14Z ERR  BrokerServer] System.Threading.Tasks.TaskCanceledException: The operation was canceled.
 ---> System.Threading.Tasks.TaskCanceledException: The operation was canceled.
 ---> System.IO.IOException: Unable to read data from the transport connection: A operação de E/S foi anulada devido a uma saída de thread ou a uma requisição de aplicativo..
 ---> System.Net.Sockets.SocketException (995): A operação de E/S foi anulada devido a uma saída de thread ou a uma requisição de aplicativo.
   --- End of inner exception stack trace ---
   at System.Net.Sockets.Socket.AwaitableSocketAsyncEventArgs.System.Threading.Tasks.Sources.IValueTaskSource<System.Int32>.GetResult(Int16 token)
   at System.Net.Security.SslStream.EnsureFullTlsFrameAsync[TIOAdapter](CancellationToken cancellationToken, Int32 estimatedSize)
   at System.Runtime.CompilerServices.PoolingAsyncValueTaskMethodBuilder`1.StateMachineBox`1.System.Threading.Tasks.Sources.IValueTaskSource<TResult>.GetResult(Int16 token)
   at System.Net.Security.SslStream.ReadAsyncInternal[TIOAdapter](Memory`1 buffer, CancellationToken cancellationToken)
   at System.Runtime.CompilerServices.PoolingAsyncValueTaskMethodBuilder`1.StateMachineBox`1.System.Threading.Tasks.Sources.IValueTaskSource<TResult>.GetResult(Int16 token)
   at System.Net.Http.HttpConnection.SendAsync(HttpRequestMessage request, Boolean async, CancellationToken cancellationToken)
   --- End of inner exception stack trace ---
   at System.Net.Http.HttpConnection.SendAsync(HttpRequestMessage request, Boolean async, CancellationToken cancellationToken)
   at System.Net.Http.AuthenticationHelper.SendWithNtAuthAsync(HttpRequestMessage request, Uri authUri, Boolean async, ICredentials credentials, Boolean isProxyAuth, HttpConnection connection, HttpConnectionPool connectionPool, CancellationToken cancellationToken)
   at System.Net.Http.HttpConnectionPool.SendWithVersionDetectionAndRetryAsync(HttpRequestMessage request, Boolean async, Boolean doRequestAuth, CancellationToken cancellationToken)
   at System.Net.Http.AuthenticationHelper.SendWithAuthAsync(HttpRequestMessage request, Uri authUri, Boolean async, ICredentials credentials, Boolean preAuthenticate, Boolean isProxyAuth, Boolean doRequestAuth, HttpConnectionPool pool, CancellationToken cancellationToken)
   at System.Net.Http.RedirectHandler.SendAsync(HttpRequestMessage request, Boolean async, CancellationToken cancellationToken)
   at GitHub.Services.Common.RawHttpMessageHandler.SendAsync(HttpRequestMessage request, CancellationToken cancellationToken)
   at GitHub.Services.Common.VssHttpRetryMessageHandler.SendAsync(HttpRequestMessage request, CancellationToken cancellationToken)
   at System.Net.Http.HttpClient.<SendAsync>g__Core|83_0(HttpRequestMessage request, HttpCompletionOption completionOption, CancellationTokenSource cts, Boolean disposeCts, CancellationTokenSource pendingRequestsCts, CancellationToken originalCancellationToken)
   --- End of inner exception stack trace ---
   at System.Net.Http.HttpClient.HandleFailure(Exception e, Boolean telemetryStarted, HttpResponseMessage response, CancellationTokenSource cts, CancellationToken cancellationToken, CancellationTokenSource pendingRequestsCts)
   at System.Net.Http.HttpClient.<SendAsync>g__Core|83_0(HttpRequestMessage request, HttpCompletionOption completionOption, CancellationTokenSource cts, Boolean disposeCts, CancellationTokenSource pendingRequestsCts, CancellationToken originalCancellationToken)
   at Sdk.WebApi.WebApi.RawHttpClientBase.SendAsync(HttpRequestMessage message, HttpCompletionOption completionOption, Object userState, CancellationToken cancellationToken)
   at Sdk.WebApi.WebApi.RawHttpClientBase.SendAsync[T](HttpRequestMessage message, Boolean readErrorBody, Object userState, CancellationToken cancellationToken)
   at Sdk.WebApi.WebApi.RawHttpClientBase.SendAsync[T](HttpMethod method, IEnumerable`1 additionalHeaders, Uri requestUri, HttpContent content, IEnumerable`1 queryParameters, Boolean readErrorBody, Object userState, CancellationToken cancellationToken)
   at GitHub.Actions.RunService.WebApi.BrokerHttpClient.GetRunnerMessageAsync(Nullable`1 sessionId, String runnerVersion, Nullable`1 status, String os, String architecture, Nullable`1 disableUpdate, CancellationToken cancellationToken)
   at GitHub.Runner.Common.BrokerServer.<>c__DisplayClass7_0.<<GetRunnerMessageAsync>b__0>d.MoveNext()
--- End of stack trace from previous location ---
   at GitHub.Runner.Common.RunnerService.RetryRequest[T](Func`1 func, CancellationToken cancellationToken, Int32 maxAttempts, Func`2 shouldRetry)
[2025-11-07 05:40:14Z ERR  BrokerServer] #####################################################
[2025-11-07 05:40:14Z ERR  BrokerServer] System.Threading.Tasks.TaskCanceledException: The operation was canceled.
 ---> System.IO.IOException: Unable to read data from the transport connection: A operação de E/S foi anulada devido a uma saída de thread ou a uma requisição de aplicativo..
 ---> System.Net.Sockets.SocketException (995): A operação de E/S foi anulada devido a uma saída de thread ou a uma requisição de aplicativo.
   --- End of inner exception stack trace ---
   at System.Net.Sockets.Socket.AwaitableSocketAsyncEventArgs.System.Threading.Tasks.Sources.IValueTaskSource<System.Int32>.GetResult(Int16 token)
   at System.Net.Security.SslStream.EnsureFullTlsFrameAsync[TIOAdapter](CancellationToken cancellationToken, Int32 estimatedSize)
   at System.Runtime.CompilerServices.PoolingAsyncValueTaskMethodBuilder`1.StateMachineBox`1.System.Threading.Tasks.Sources.IValueTaskSource<TResult>.GetResult(Int16 token)
   at System.Net.Security.SslStream.ReadAsyncInternal[TIOAdapter](Memory`1 buffer, CancellationToken cancellationToken)
   at System.Runtime.CompilerServices.PoolingAsyncValueTaskMethodBuilder`1.StateMachineBox`1.System.Threading.Tasks.Sources.IValueTaskSource<TResult>.GetResult(Int16 token)
   at System.Net.Http.HttpConnection.SendAsync(HttpRequestMessage request, Boolean async, CancellationToken cancellationToken)
   --- End of inner exception stack trace ---
   at System.Net.Http.HttpConnection.SendAsync(HttpRequestMessage request, Boolean async, CancellationToken cancellationToken)
   at System.Net.Http.AuthenticationHelper.SendWithNtAuthAsync(HttpRequestMessage request, Uri authUri, Boolean async, ICredentials credentials, Boolean isProxyAuth, HttpConnection connection, HttpConnectionPool connectionPool, CancellationToken cancellationToken)
   at System.Net.Http.HttpConnectionPool.SendWithVersionDetectionAndRetryAsync(HttpRequestMessage request, Boolean async, Boolean doRequestAuth, CancellationToken cancellationToken)
   at System.Net.Http.AuthenticationHelper.SendWithAuthAsync(HttpRequestMessage request, Uri authUri, Boolean async, ICredentials credentials, Boolean preAuthenticate, Boolean isProxyAuth, Boolean doRequestAuth, HttpConnectionPool pool, CancellationToken cancellationToken)
   at System.Net.Http.RedirectHandler.SendAsync(HttpRequestMessage request, Boolean async, CancellationToken cancellationToken)
   at GitHub.Services.Common.RawHttpMessageHandler.SendAsync(HttpRequestMessage request, CancellationToken cancellationToken)
   at GitHub.Services.Common.VssHttpRetryMessageHandler.SendAsync(HttpRequestMessage request, CancellationToken cancellationToken)
   at System.Net.Http.HttpClient.<SendAsync>g__Core|83_0(HttpRequestMessage request, HttpCompletionOption completionOption, CancellationTokenSource cts, Boolean disposeCts, CancellationTokenSource pendingRequestsCts, CancellationToken originalCancellationToken)
[2025-11-07 05:40:14Z ERR  BrokerServer] #####################################################
[2025-11-07 05:40:14Z ERR  BrokerServer] System.IO.IOException: Unable to read data from the transport connection: A operação de E/S foi anulada devido a uma saída de thread ou a uma requisição de aplicativo..
 ---> System.Net.Sockets.SocketException (995): A operação de E/S foi anulada devido a uma saída de thread ou a uma requisição de aplicativo.
   --- End of inner exception stack trace ---
   at System.Net.Sockets.Socket.AwaitableSocketAsyncEventArgs.System.Threading.Tasks.Sources.IValueTaskSource<System.Int32>.GetResult(Int16 token)
   at System.Net.Security.SslStream.EnsureFullTlsFrameAsync[TIOAdapter](CancellationToken cancellationToken, Int32 estimatedSize)
   at System.Runtime.CompilerServices.PoolingAsyncValueTaskMethodBuilder`1.StateMachineBox`1.System.Threading.Tasks.Sources.IValueTaskSource<TResult>.GetResult(Int16 token)
   at System.Net.Security.SslStream.ReadAsyncInternal[TIOAdapter](Memory`1 buffer, CancellationToken cancellationToken)
   at System.Runtime.CompilerServices.PoolingAsyncValueTaskMethodBuilder`1.StateMachineBox`1.System.Threading.Tasks.Sources.IValueTaskSource<TResult>.GetResult(Int16 token)
   at System.Net.Http.HttpConnection.SendAsync(HttpRequestMessage request, Boolean async, CancellationToken cancellationToken)
[2025-11-07 05:40:14Z ERR  BrokerServer] #####################################################
[2025-11-07 05:40:14Z ERR  BrokerServer] System.Net.Sockets.SocketException (995): A operação de E/S foi anulada devido a uma saída de thread ou a uma requisição de aplicativo.
[2025-11-07 05:40:14Z WARN BrokerServer] Back off 11,124 seconds before next retry. 4 attempt left.
[2025-11-07 05:40:14Z INFO BrokerMessageListener] Get messages has been cancelled using local token source. Continue to get messages with new status.
